simple: 107.478
colcp: 5.441
simd: 1.377
recursive-inner-1: 52.681
recursive-1: 52.751
recursive-inner-paral-1: 24.554
recursive-paral-1: 24.624
recursive-inner-paral-cutoff-1: 13.412
recursive-paral-cutoff-1: 13.486
recursive-inner-2: 17.574
recursive-2: 17.615
recursive-inner-paral-2: 6.110
recursive-paral-2: 6.151
recursive-inner-paral-cutoff-2: 4.608
recursive-paral-cutoff-2: 4.649
recursive-inner-4: 12.136
recursive-4: 12.169
recursive-inner-paral-4: 3.282
recursive-paral-4: 3.316
recursive-inner-paral-cutoff-4: 3.137
recursive-paral-cutoff-4: 3.174
recursive-inner-simd-4: 132.083
recursive-simd-4: 132.117
recursive-inner-simd-paral-4: 39.803
recursive-simd-paral-4: 39.836
recursive-inner-simd-paral-cutoff-4: 39.344
recursive-simd-paral-cutoff-4: 39.382
recursive-inner-8: 10.448
recursive-8: 10.479
recursive-inner-paral-8: 2.679
recursive-paral-8: 2.711
recursive-inner-paral-cutoff-8: 2.691
recursive-paral-cutoff-8: 2.727
recursive-inner-simd-8: 20.036
recursive-simd-8: 20.068
recursive-inner-simd-paral-8: 5.911
recursive-simd-paral-8: 5.942
recursive-inner-simd-paral-cutoff-8: 5.907
recursive-simd-paral-cutoff-8: 5.946
recursive-inner-16: 9.724
recursive-16: 9.754
recursive-inner-paral-16: 2.469
recursive-paral-16: 2.499
recursive-inner-paral-cutoff-16: 2.477
recursive-paral-cutoff-16: 2.507
recursive-inner-simd-16: 4.675
recursive-simd-16: 4.706
recursive-inner-simd-paral-16: 1.288
recursive-simd-paral-16: 1.318
recursive-inner-simd-paral-cutoff-16: 1.287
recursive-simd-paral-cutoff-16: 1.317
recursive-inner-32: 9.414
recursive-32: 9.448
recursive-inner-paral-32: 2.395
recursive-paral-32: 2.428
recursive-inner-paral-cutoff-32: 2.454
recursive-paral-cutoff-32: 2.488
recursive-inner-simd-32: 2.079
recursive-simd-32: 2.113
recursive-inner-simd-paral-32: 0.548
recursive-simd-paral-32: 0.582
recursive-inner-simd-paral-cutoff-32: 0.546
recursive-simd-paral-cutoff-32: 0.580
strassen-inner-32: 0.374
strassen-32: 0.409
recursive-inner-64: 9.384
recursive-64: 9.416
recursive-inner-paral-64: 2.409
recursive-paral-64: 2.439
recursive-inner-paral-cutoff-64: 2.396
recursive-paral-cutoff-64: 2.427
recursive-inner-simd-64: 1.792
recursive-simd-64: 1.822
recursive-inner-simd-paral-64: 0.473
recursive-simd-paral-64: 0.504
recursive-inner-simd-paral-cutoff-64: 0.468
recursive-simd-paral-cutoff-64: 0.499
strassen-inner-64: 0.364
strassen-64: 0.395
recursive-inner-128: 11.481
recursive-128: 11.510
recursive-inner-paral-128: 2.969
recursive-paral-128: 2.998
recursive-inner-paral-cutoff-128: 2.974
recursive-paral-cutoff-128: 3.004
recursive-inner-simd-128: 1.434
recursive-simd-128: 1.464
recursive-inner-simd-paral-128: 0.383
recursive-simd-paral-128: 0.413
recursive-inner-simd-paral-cutoff-128: 0.394
recursive-simd-paral-cutoff-128: 0.425
strassen-inner-128: 0.333
strassen-128: 0.365
recursive-inner-256: 11.997
recursive-256: 12.026
recursive-inner-paral-256: 3.196
recursive-paral-256: 3.229
recursive-inner-paral-cutoff-256: 3.198
recursive-paral-cutoff-256: 3.229
recursive-inner-simd-256: 1.455
recursive-simd-256: 1.483
recursive-inner-simd-paral-256: 0.466
recursive-simd-paral-256: 0.495
recursive-inner-simd-paral-cutoff-256: 0.478
recursive-simd-paral-cutoff-256: 0.514
strassen-inner-256: 0.441
strassen-256: 0.470
recursive-inner-512: 16.512
recursive-512: 16.540
recursive-inner-paral-512: 26.321
recursive-paral-512: 26.353
recursive-inner-paral-cutoff-512: 26.365
recursive-paral-cutoff-512: 26.398
recursive-inner-simd-512: 1.637
recursive-simd-512: 1.664
recursive-inner-simd-paral-512: 0.565
recursive-simd-paral-512: 0.592
recursive-inner-simd-paral-cutoff-512: 0.571
recursive-simd-paral-cutoff-512: 0.603
strassen-inner-512: 0.531
strassen-512: 0.560
recursive-inner-1024: 107.437
recursive-1024: 107.466
recursive-inner-paral-1024: 107.468
recursive-paral-1024: 107.495
recursive-inner-paral-cutoff-1024: 107.483
recursive-paral-cutoff-1024: 107.511
recursive-inner-simd-1024: 1.363
recursive-simd-1024: 1.391
recursive-inner-simd-paral-1024: 1.344
recursive-simd-paral-1024: 1.372
recursive-inner-simd-paral-cutoff-1024: 1.362
recursive-simd-paral-cutoff-1024: 1.390
strassen-inner-1024: 1.357
strassen-1024: 1.385
