simple: 861.452
colcp: 43.175
simd: 10.456
recursive-inner-1: 421.227
recursive-1: 421.508
recursive-inner-paral-1: 196.227
recursive-paral-1: 196.508
recursive-inner-paral-cutoff-1: 106.742
recursive-paral-cutoff-1: 107.023
recursive-inner-2: 141.325
recursive-2: 141.490
recursive-inner-paral-2: 48.682
recursive-paral-2: 48.846
recursive-inner-paral-cutoff-2: 36.515
recursive-paral-cutoff-2: 36.684
recursive-inner-4: 97.049
recursive-4: 97.182
recursive-inner-paral-4: 26.127
recursive-paral-4: 26.260
recursive-inner-paral-cutoff-4: 24.758
recursive-paral-cutoff-4: 24.890
recursive-inner-simd-4: 1050.338
recursive-simd-4: 1050.470
recursive-inner-simd-paral-4: 318.628
recursive-simd-paral-4: 318.760
recursive-inner-simd-paral-cutoff-4: 315.719
recursive-simd-paral-cutoff-4: 315.856
recursive-inner-8: 83.576
recursive-8: 83.703
recursive-inner-paral-8: 21.411
recursive-paral-8: 21.538
recursive-inner-paral-cutoff-8: 21.309
recursive-paral-cutoff-8: 21.439
recursive-inner-simd-8: 158.618
recursive-simd-8: 158.744
recursive-inner-simd-paral-8: 46.569
recursive-simd-paral-8: 46.695
recursive-inner-simd-paral-cutoff-8: 46.887
recursive-simd-paral-cutoff-8: 47.017
recursive-inner-16: 77.788
recursive-16: 77.910
recursive-inner-paral-16: 19.742
recursive-paral-16: 19.863
recursive-inner-paral-cutoff-16: 19.745
recursive-paral-cutoff-16: 19.864
recursive-inner-simd-16: 37.812
recursive-simd-16: 37.934
recursive-inner-simd-paral-16: 10.225
recursive-simd-paral-16: 10.346
recursive-inner-simd-paral-cutoff-16: 10.226
recursive-simd-paral-cutoff-16: 10.348
recursive-inner-32: 75.304
recursive-32: 75.439
recursive-inner-paral-32: 19.113
recursive-paral-32: 19.247
recursive-inner-paral-cutoff-32: 19.162
recursive-paral-cutoff-32: 19.301
recursive-inner-simd-32: 16.598
recursive-simd-32: 16.732
recursive-inner-simd-paral-32: 4.318
recursive-simd-paral-32: 4.454
recursive-inner-simd-paral-cutoff-32: 4.298
recursive-simd-paral-cutoff-32: 4.433
strassen-inner-32: 2.623
strassen-32: 2.759
recursive-inner-64: 75.073
recursive-64: 75.197
recursive-inner-paral-64: 19.067
recursive-paral-64: 19.191
recursive-inner-paral-cutoff-64: 19.066
recursive-paral-cutoff-64: 19.191
recursive-inner-simd-64: 14.181
recursive-simd-64: 14.304
recursive-inner-simd-paral-64: 3.705
recursive-simd-paral-64: 3.827
recursive-inner-simd-paral-cutoff-64: 3.740
recursive-simd-paral-cutoff-64: 3.863
strassen-inner-64: 2.501
strassen-64: 2.624
recursive-inner-128: 91.706
recursive-128: 91.828
recursive-inner-paral-128: 23.796
recursive-paral-128: 23.921
recursive-inner-paral-cutoff-128: 23.691
recursive-paral-cutoff-128: 23.820
recursive-inner-simd-128: 12.586
recursive-simd-128: 12.707
recursive-inner-simd-paral-128: 3.062
recursive-simd-paral-128: 3.184
recursive-inner-simd-paral-cutoff-128: 3.069
recursive-simd-paral-cutoff-128: 3.191
strassen-inner-128: 2.176
strassen-128: 2.297
recursive-inner-256: 95.722
recursive-256: 95.837
recursive-inner-paral-256: 25.468
recursive-paral-256: 25.591
recursive-inner-paral-cutoff-256: 25.219
recursive-paral-cutoff-256: 25.333
recursive-inner-simd-256: 10.732
recursive-simd-256: 10.845
recursive-inner-simd-paral-256: 3.704
recursive-simd-paral-256: 3.820
recursive-inner-simd-paral-cutoff-256: 3.640
recursive-simd-paral-cutoff-256: 3.754
strassen-inner-256: 2.728
strassen-256: 2.843
recursive-inner-512: 131.094
recursive-512: 131.204
recursive-inner-paral-512: 163.235
recursive-paral-512: 163.352
recursive-inner-paral-cutoff-512: 95.145
recursive-paral-cutoff-512: 95.259
recursive-inner-simd-512: 13.019
recursive-simd-512: 13.129
recursive-inner-simd-paral-512: 3.823
recursive-simd-paral-512: 3.940
recursive-inner-simd-paral-cutoff-512: 4.489
recursive-simd-paral-cutoff-512: 4.608
strassen-inner-512: 3.722
strassen-512: 3.833
recursive-inner-1024: 859.533
recursive-1024: 859.642
recursive-inner-paral-1024: 228.785
recursive-paral-1024: 228.903
recursive-inner-paral-cutoff-1024: 224.399
recursive-paral-cutoff-1024: 224.517
recursive-inner-simd-1024: 10.847
recursive-simd-1024: 10.956
recursive-inner-simd-paral-1024: 4.157
recursive-simd-paral-1024: 4.269
recursive-inner-simd-paral-cutoff-1024: 3.794
recursive-simd-paral-cutoff-1024: 3.908
strassen-inner-1024: 3.877
strassen-1024: 3.986
