simple: 0.187
colcp: 0.074
simd: 0.020
recursive-inner-1: 0.822
recursive-1: 0.827
recursive-inner-paral-1: 0.395
recursive-paral-1: 0.399
recursive-inner-paral-cutoff-1: 0.244
recursive-paral-cutoff-1: 0.249
recursive-inner-2: 0.280
recursive-2: 0.284
recursive-inner-paral-2: 0.107
recursive-paral-2: 0.110
recursive-inner-paral-cutoff-2: 0.077
recursive-paral-cutoff-2: 0.080
recursive-inner-4: 0.193
recursive-4: 0.195
recursive-inner-paral-4: 0.055
recursive-paral-4: 0.057
recursive-inner-paral-cutoff-4: 0.054
recursive-paral-cutoff-4: 0.056
recursive-inner-simd-4: 2.027
recursive-simd-4: 2.029
recursive-inner-simd-paral-4: 0.623
recursive-simd-paral-4: 0.625
recursive-inner-simd-paral-cutoff-4: 0.618
recursive-simd-paral-cutoff-4: 0.621
recursive-inner-8: 0.170
recursive-8: 0.173
recursive-inner-paral-8: 0.054
recursive-paral-8: 0.056
recursive-inner-paral-cutoff-8: 0.055
recursive-paral-cutoff-8: 0.057
recursive-inner-simd-8: 0.320
recursive-simd-8: 0.323
recursive-inner-simd-paral-8: 0.096
recursive-simd-paral-8: 0.098
recursive-inner-simd-paral-cutoff-8: 0.098
recursive-simd-paral-cutoff-8: 0.100
recursive-inner-16: 0.156
recursive-16: 0.158
recursive-inner-paral-16: 0.044
recursive-paral-16: 0.046
recursive-inner-paral-cutoff-16: 0.045
recursive-paral-cutoff-16: 0.047
recursive-inner-simd-16: 0.075
recursive-simd-16: 0.077
recursive-inner-simd-paral-16: 0.025
recursive-simd-paral-16: 0.026
recursive-inner-simd-paral-cutoff-16: 0.024
recursive-simd-paral-cutoff-16: 0.026
recursive-inner-32: 0.146
recursive-32: 0.148
recursive-inner-paral-32: 0.041
recursive-paral-32: 0.043
recursive-inner-paral-cutoff-32: 0.042
recursive-paral-cutoff-32: 0.044
recursive-inner-simd-32: 0.034
recursive-simd-32: 0.036
recursive-inner-simd-paral-32: 0.012
recursive-simd-paral-32: 0.014
recursive-inner-simd-paral-cutoff-32: 0.014
recursive-simd-paral-cutoff-32: 0.016
strassen-inner-32: 0.008
strassen-32: 0.011
recursive-inner-64: 0.149
recursive-64: 0.151
recursive-inner-paral-64: 0.043
recursive-paral-64: 0.044
recursive-inner-paral-cutoff-64: 0.042
recursive-paral-cutoff-64: 0.044
recursive-inner-simd-64: 0.030
recursive-simd-64: 0.032
recursive-inner-simd-paral-64: 0.012
recursive-simd-paral-64: 0.013
recursive-inner-simd-paral-cutoff-64: 0.012
recursive-simd-paral-cutoff-64: 0.014
strassen-inner-64: 0.008
strassen-64: 0.010
recursive-inner-128: 0.177
recursive-128: 0.179
recursive-inner-paral-128: 0.058
recursive-paral-128: 0.059
recursive-inner-paral-cutoff-128: 0.052
recursive-paral-cutoff-128: 0.055
recursive-inner-simd-128: 0.025
recursive-simd-128: 0.027
recursive-inner-simd-paral-128: 0.009
recursive-simd-paral-128: 0.010
recursive-inner-simd-paral-cutoff-128: 0.007
recursive-simd-paral-cutoff-128: 0.009
strassen-inner-128: 0.008
strassen-128: 0.010
recursive-inner-256: 0.188
recursive-256: 0.190
recursive-inner-paral-256: 0.186
recursive-paral-256: 0.188
recursive-inner-paral-cutoff-256: 0.185
recursive-paral-cutoff-256: 0.186
recursive-inner-simd-256: 0.020
recursive-simd-256: 0.022
recursive-inner-simd-paral-256: 0.020
recursive-simd-paral-256: 0.022
recursive-inner-simd-paral-cutoff-256: 0.020
recursive-simd-paral-cutoff-256: 0.022
strassen-inner-256: 0.021
strassen-256: 0.022
