simple: 7469.527
colcp: 346.775
simd: 92.743
recursive-inner-1: 3370.916
recursive-1: 3372.189
recursive-inner-paral-1: 1603.735
recursive-paral-1: 1605.009
recursive-inner-paral-cutoff-1: 865.086
recursive-paral-cutoff-1: 866.356
recursive-inner-2: 1131.948
recursive-2: 1132.735
recursive-inner-paral-2: 395.361
recursive-paral-2: 396.150
recursive-inner-paral-cutoff-2: 295.637
recursive-paral-cutoff-2: 296.430
recursive-inner-4: 777.121
recursive-4: 777.781
recursive-inner-paral-4: 210.907
recursive-paral-4: 211.560
recursive-inner-paral-cutoff-4: 199.575
recursive-paral-cutoff-4: 200.224
recursive-inner-simd-4: 8371.820
recursive-simd-4: 8372.469
recursive-inner-simd-paral-4: 2544.586
recursive-simd-paral-4: 2545.234
recursive-inner-simd-paral-cutoff-4: 2526.409
recursive-simd-paral-cutoff-4: 2527.055
recursive-inner-8: 669.354
recursive-8: 669.974
recursive-inner-paral-8: 172.154
recursive-paral-8: 172.772
recursive-inner-paral-cutoff-8: 170.636
recursive-paral-cutoff-8: 171.256
recursive-inner-simd-8: 1270.562
recursive-simd-8: 1271.180
recursive-inner-simd-paral-8: 380.486
recursive-simd-paral-8: 381.107
recursive-inner-simd-paral-cutoff-8: 377.207
recursive-simd-paral-cutoff-8: 377.829
recursive-inner-16: 622.858
recursive-16: 623.460
recursive-inner-paral-16: 158.917
recursive-paral-16: 159.507
recursive-inner-paral-cutoff-16: 158.969
recursive-paral-cutoff-16: 159.570
recursive-inner-simd-16: 303.020
recursive-simd-16: 303.610
recursive-inner-simd-paral-16: 82.124
recursive-simd-paral-16: 82.716
recursive-inner-simd-paral-cutoff-16: 81.891
recursive-simd-paral-cutoff-16: 82.485
recursive-inner-32: 603.029
recursive-32: 603.681
recursive-inner-paral-32: 153.627
recursive-paral-32: 154.280
recursive-inner-paral-cutoff-32: 153.556
recursive-paral-cutoff-32: 154.215
recursive-inner-simd-32: 133.075
recursive-simd-32: 133.733
recursive-inner-simd-paral-32: 34.457
recursive-simd-paral-32: 35.108
recursive-inner-simd-paral-cutoff-32: 34.674
recursive-simd-paral-cutoff-32: 35.334
strassen-inner-32: 18.619
strassen-32: 19.275
recursive-inner-64: 601.321
recursive-64: 601.924
recursive-inner-paral-64: 154.064
recursive-paral-64: 154.622
recursive-inner-paral-cutoff-64: 153.791
recursive-paral-cutoff-64: 154.338
recursive-inner-simd-64: 113.344
recursive-simd-64: 113.891
recursive-inner-simd-paral-64: 30.027
recursive-simd-paral-64: 30.574
recursive-inner-simd-paral-cutoff-64: 30.210
recursive-simd-paral-cutoff-64: 30.751
strassen-inner-64: 17.250
strassen-64: 17.794
recursive-inner-128: 732.889
recursive-128: 733.408
recursive-inner-paral-128: 190.462
recursive-paral-128: 190.976
recursive-inner-paral-cutoff-128: 193.690
recursive-paral-cutoff-128: 194.212
recursive-inner-simd-128: 100.763
recursive-simd-128: 101.283
recursive-inner-simd-paral-128: 24.170
recursive-simd-paral-128: 24.687
recursive-inner-simd-paral-cutoff-128: 24.098
recursive-simd-paral-cutoff-128: 24.625
strassen-inner-128: 15.445
strassen-128: 15.962
recursive-inner-256: 770.836
recursive-256: 771.340
recursive-inner-paral-256: 203.800
recursive-paral-256: 204.311
recursive-inner-paral-cutoff-256: 204.397
recursive-paral-cutoff-256: 204.909
recursive-inner-simd-256: 87.189
recursive-simd-256: 87.694
recursive-inner-simd-paral-256: 31.540
recursive-simd-paral-256: 32.048
recursive-inner-simd-paral-cutoff-256: 31.349
recursive-simd-paral-cutoff-256: 31.854
strassen-inner-256: 20.176
strassen-256: 20.683
recursive-inner-512: 1481.440
recursive-512: 1481.929
recursive-inner-paral-512: 890.969
recursive-paral-512: 891.467
recursive-inner-paral-cutoff-512: 965.696
recursive-paral-cutoff-512: 966.192
recursive-inner-simd-512: 105.211
recursive-simd-512: 105.701
recursive-inner-simd-paral-512: 36.580
recursive-simd-paral-512: 37.076
recursive-inner-simd-paral-cutoff-512: 35.655
recursive-simd-paral-cutoff-512: 36.152
strassen-inner-512: 25.562
strassen-512: 26.052
recursive-inner-1024: 6827.805
recursive-1024: 6828.284
recursive-inner-paral-1024: 1851.604
recursive-paral-1024: 1852.093
recursive-inner-paral-cutoff-1024: 1865.643
recursive-paral-cutoff-1024: 1866.128
recursive-inner-simd-1024: 87.427
recursive-simd-1024: 87.907
recursive-inner-simd-paral-1024: 33.347
recursive-simd-paral-1024: 33.834
recursive-inner-simd-paral-cutoff-1024: 33.343
recursive-simd-paral-cutoff-1024: 33.832
strassen-inner-1024: 27.206
strassen-1024: 27.685
