simple: 1.923
colcp: 0.636
simd: 0.210
recursive-inner-1: 6.583
recursive-1: 6.601
recursive-inner-paral-1: 3.089
recursive-paral-1: 3.108
recursive-inner-paral-cutoff-1: 1.704
recursive-paral-cutoff-1: 1.724
recursive-inner-2: 2.210
recursive-2: 2.223
recursive-inner-paral-2: 0.769
recursive-paral-2: 0.780
recursive-inner-paral-cutoff-2: 0.589
recursive-paral-cutoff-2: 0.602
recursive-inner-4: 1.519
recursive-4: 1.531
recursive-inner-paral-4: 0.439
recursive-paral-4: 0.450
recursive-inner-paral-cutoff-4: 0.391
recursive-paral-cutoff-4: 0.401
recursive-inner-simd-4: 16.666
recursive-simd-4: 16.675
recursive-inner-simd-paral-4: 4.996
recursive-simd-paral-4: 5.007
recursive-inner-simd-paral-cutoff-4: 5.002
recursive-simd-paral-cutoff-4: 5.017
recursive-inner-8: 1.306
recursive-8: 1.321
recursive-inner-paral-8: 0.333
recursive-paral-8: 0.343
recursive-inner-paral-cutoff-8: 0.338
recursive-paral-cutoff-8: 0.348
recursive-inner-simd-8: 2.527
recursive-simd-8: 2.538
recursive-inner-simd-paral-8: 0.729
recursive-simd-paral-8: 0.739
recursive-inner-simd-paral-cutoff-8: 0.776
recursive-simd-paral-cutoff-8: 0.786
recursive-inner-16: 1.219
recursive-16: 1.228
recursive-inner-paral-16: 0.325
recursive-paral-16: 0.334
recursive-inner-paral-cutoff-16: 0.335
recursive-paral-cutoff-16: 0.344
recursive-inner-simd-16: 0.588
recursive-simd-16: 0.597
recursive-inner-simd-paral-16: 0.167
recursive-simd-paral-16: 0.176
recursive-inner-simd-paral-cutoff-16: 0.174
recursive-simd-paral-cutoff-16: 0.183
recursive-inner-32: 1.178
recursive-32: 1.187
recursive-inner-paral-32: 0.302
recursive-paral-32: 0.313
recursive-inner-paral-cutoff-32: 0.302
recursive-paral-cutoff-32: 0.312
recursive-inner-simd-32: 0.260
recursive-simd-32: 0.270
recursive-inner-simd-paral-32: 0.077
recursive-simd-paral-32: 0.087
recursive-inner-simd-paral-cutoff-32: 0.075
recursive-simd-paral-cutoff-32: 0.086
strassen-inner-32: 0.055
strassen-32: 0.066
recursive-inner-64: 1.168
recursive-64: 1.177
recursive-inner-paral-64: 0.309
recursive-paral-64: 0.319
recursive-inner-paral-cutoff-64: 0.303
recursive-paral-cutoff-64: 0.312
recursive-inner-simd-64: 0.230
recursive-simd-64: 0.240
recursive-inner-simd-paral-64: 0.063
recursive-simd-paral-64: 0.073
recursive-inner-simd-paral-cutoff-64: 0.069
recursive-simd-paral-cutoff-64: 0.077
strassen-inner-64: 0.054
strassen-64: 0.064
recursive-inner-128: 1.421
recursive-128: 1.430
recursive-inner-paral-128: 0.386
recursive-paral-128: 0.395
recursive-inner-paral-cutoff-128: 0.370
recursive-paral-cutoff-128: 0.384
recursive-inner-simd-128: 0.184
recursive-simd-128: 0.193
recursive-inner-simd-paral-128: 0.059
recursive-simd-paral-128: 0.068
recursive-inner-simd-paral-cutoff-128: 0.056
recursive-simd-paral-cutoff-128: 0.066
strassen-inner-128: 0.059
strassen-128: 0.070
recursive-inner-256: 1.500
recursive-256: 1.509
recursive-inner-paral-256: 0.409
recursive-paral-256: 0.419
recursive-inner-paral-cutoff-256: 0.423
recursive-paral-cutoff-256: 0.436
recursive-inner-simd-256: 0.162
recursive-simd-256: 0.172
recursive-inner-simd-paral-256: 0.065
recursive-simd-paral-256: 0.075
recursive-inner-simd-paral-cutoff-256: 0.061
recursive-simd-paral-cutoff-256: 0.074
strassen-inner-256: 0.061
strassen-256: 0.072
recursive-inner-512: 7.904
recursive-512: 7.914
recursive-inner-paral-512: 8.612
recursive-paral-512: 8.621
recursive-inner-paral-cutoff-512: 7.171
recursive-paral-cutoff-512: 7.179
recursive-inner-simd-512: 0.225
recursive-simd-512: 0.234
recursive-inner-simd-paral-512: 0.211
recursive-simd-paral-512: 0.220
recursive-inner-simd-paral-cutoff-512: 0.211
recursive-simd-paral-cutoff-512: 0.219
strassen-inner-512: 0.205
strassen-512: 0.214
