simd: 721.741
recursive-inner-paral-cutoff-64: 1231.127
recursive-paral-cutoff-64: 1234.204
recursive-inner-simd-paral-cutoff-64: 241.201
recursive-simd-paral-cutoff-64: 243.862
strassen-inner-64: 336.169
strassen-64: 339.633
recursive-inner-paral-cutoff-128: 1524.770
recursive-paral-cutoff-128: 1987.294
recursive-inner-simd-paral-cutoff-128: 195.916
recursive-simd-paral-cutoff-128: 198.578
strassen-inner-128: 230.323
strassen-128: 232.775
recursive-inner-paral-cutoff-256: 1647.836
recursive-paral-cutoff-256: 1933.695
recursive-inner-simd-paral-cutoff-256: 248.817
recursive-simd-paral-cutoff-256: 250.854
strassen-inner-256: 395.407
strassen-256: 397.555
recursive-inner-paral-cutoff-512: 10177.801
recursive-paral-cutoff-512: 10544.147
recursive-inner-simd-paral-cutoff-512: 287.598
recursive-simd-paral-cutoff-512: 289.910
strassen-inner-512: 276.984
strassen-512: 279.439
recursive-inner-paral-cutoff-1024: 14511.819
recursive-paral-cutoff-1024: 14657.986
recursive-inner-simd-paral-cutoff-1024: 267.222
recursive-simd-paral-cutoff-1024: 269.246
strassen-inner-1024: 221.052
strassen-1024: 223.113
