simple: 4.433
colcp: 2.652
simd: 0.254
recursive-inner-1: 11.653
recursive-1: 11.670
recursive-inner-paral-1: 8.008
recursive-paral-1: 8.025
recursive-inner-paral-cutoff-1: 3.598
recursive-paral-cutoff-1: 3.615
recursive-inner-2: 3.391
recursive-2: 3.401
recursive-inner-paral-2: 1.597
recursive-paral-2: 1.607
recursive-inner-paral-cutoff-2: 0.899
recursive-paral-cutoff-2: 0.910
recursive-inner-4: 2.408
recursive-4: 2.416
recursive-inner-paral-4: 0.665
recursive-paral-4: 0.673
recursive-inner-paral-cutoff-4: 0.610
recursive-paral-cutoff-4: 0.619
recursive-inner-simd-4: 43.387
recursive-simd-4: 43.395
recursive-inner-simd-paral-4: 9.455
recursive-simd-paral-4: 9.463
recursive-inner-simd-paral-cutoff-4: 9.604
recursive-simd-paral-cutoff-4: 9.612
recursive-inner-8: 2.374
recursive-8: 2.382
recursive-inner-paral-8: 0.607
recursive-paral-8: 0.615
recursive-inner-paral-cutoff-8: 0.556
recursive-paral-cutoff-8: 0.565
recursive-inner-simd-8: 5.197
recursive-simd-8: 5.206
recursive-inner-simd-paral-8: 1.446
recursive-simd-paral-8: 1.456
recursive-inner-simd-paral-cutoff-8: 1.390
recursive-simd-paral-cutoff-8: 1.399
recursive-inner-16: 2.535
recursive-16: 2.544
recursive-inner-paral-16: 0.651
recursive-paral-16: 0.659
recursive-inner-paral-cutoff-16: 0.645
recursive-paral-cutoff-16: 0.653
recursive-inner-simd-16: 0.960
recursive-simd-16: 0.968
recursive-inner-simd-paral-16: 0.211
recursive-simd-paral-16: 0.220
recursive-inner-simd-paral-cutoff-16: 0.223
recursive-simd-paral-cutoff-16: 0.231
recursive-inner-32: 2.637
recursive-32: 2.645
recursive-inner-paral-32: 0.576
recursive-paral-32: 0.584
recursive-inner-paral-cutoff-32: 0.570
recursive-paral-cutoff-32: 0.578
recursive-inner-simd-32: 0.359
recursive-simd-32: 0.367
recursive-inner-simd-paral-32: 0.089
recursive-simd-paral-32: 0.098
recursive-inner-simd-paral-cutoff-32: 0.095
recursive-simd-paral-cutoff-32: 0.103
strassen-inner-32: 0.060
strassen-32: 0.068
recursive-inner-64: 2.599
recursive-64: 2.607
recursive-inner-paral-64: 0.545
recursive-paral-64: 0.553
recursive-inner-paral-cutoff-64: 0.550
recursive-paral-cutoff-64: 0.558
recursive-inner-simd-64: 0.227
recursive-simd-64: 0.235
recursive-inner-simd-paral-64: 0.058
recursive-simd-paral-64: 0.067
recursive-inner-simd-paral-cutoff-64: 0.063
recursive-simd-paral-cutoff-64: 0.072
strassen-inner-64: 0.046
strassen-64: 0.054
recursive-inner-128: 2.764
recursive-128: 2.772
recursive-inner-paral-128: 0.640
recursive-paral-128: 0.648
recursive-inner-paral-cutoff-128: 0.629
recursive-paral-cutoff-128: 0.637
recursive-inner-simd-128: 0.180
recursive-simd-128: 0.188
recursive-inner-simd-paral-128: 0.047
recursive-simd-paral-128: 0.055
recursive-inner-simd-paral-cutoff-128: 0.048
recursive-simd-paral-cutoff-128: 0.056
strassen-inner-128: 0.043
strassen-128: 0.051
recursive-inner-256: 2.885
recursive-256: 2.893
recursive-inner-paral-256: 0.780
recursive-paral-256: 0.788
recursive-inner-paral-cutoff-256: 0.873
recursive-paral-cutoff-256: 0.881
recursive-inner-simd-256: 0.194
recursive-simd-256: 0.202
recursive-inner-simd-paral-256: 0.058
recursive-simd-paral-256: 0.066
recursive-inner-simd-paral-cutoff-256: 0.058
recursive-simd-paral-cutoff-256: 0.067
strassen-inner-256: 0.053
strassen-256: 0.061
recursive-inner-512: 3.553
recursive-512: 3.561
recursive-inner-paral-512: 0.949
recursive-paral-512: 0.957
recursive-inner-paral-cutoff-512: 0.956
recursive-paral-cutoff-512: 0.964
recursive-inner-simd-512: 0.175
recursive-simd-512: 0.183
recursive-inner-simd-paral-512: 0.083
recursive-simd-paral-512: 0.091
recursive-inner-simd-paral-cutoff-512: 0.063
recursive-simd-paral-cutoff-512: 0.071
strassen-inner-512: 0.064
strassen-512: 0.072
recursive-inner-1024: 3.976
recursive-1024: 3.984
recursive-inner-paral-1024: 3.860
recursive-paral-1024: 3.868
recursive-inner-paral-cutoff-1024: 4.093
recursive-paral-cutoff-1024: 4.102
recursive-inner-simd-1024: 0.251
recursive-simd-1024: 0.259
recursive-inner-simd-paral-1024: 0.256
recursive-simd-paral-1024: 0.265
recursive-inner-simd-paral-cutoff-1024: 0.260
recursive-simd-paral-cutoff-1024: 0.269
strassen-inner-1024: 0.250
strassen-1024: 0.259
