simple: 110.030
colcp: 21.403
simd: 2.130
recursive-inner-1: 93.737
recursive-1: 93.811
recursive-inner-paral-1: 61.583
recursive-paral-1: 61.654
recursive-inner-paral-cutoff-1: 27.381
recursive-paral-cutoff-1: 27.453
recursive-inner-2: 27.145
recursive-2: 27.189
recursive-inner-paral-2: 11.889
recursive-paral-2: 11.933
recursive-inner-paral-cutoff-2: 7.277
recursive-paral-cutoff-2: 7.325
recursive-inner-4: 18.838
recursive-4: 18.875
recursive-inner-paral-4: 5.422
recursive-paral-4: 5.458
recursive-inner-paral-cutoff-4: 4.710
recursive-paral-cutoff-4: 4.746
recursive-inner-simd-4: 342.044
recursive-simd-4: 342.081
recursive-inner-simd-paral-4: 79.819
recursive-simd-paral-4: 79.856
recursive-inner-simd-paral-cutoff-4: 77.865
recursive-simd-paral-cutoff-4: 77.903
recursive-inner-8: 18.448
recursive-8: 18.482
recursive-inner-paral-8: 4.468
recursive-paral-8: 4.503
recursive-inner-paral-cutoff-8: 4.513
recursive-paral-cutoff-8: 4.548
recursive-inner-simd-8: 41.383
recursive-simd-8: 41.418
recursive-inner-simd-paral-8: 9.712
recursive-simd-paral-8: 9.746
recursive-inner-simd-paral-cutoff-8: 9.847
recursive-simd-paral-cutoff-8: 9.882
recursive-inner-16: 19.185
recursive-16: 19.221
recursive-inner-paral-16: 4.391
recursive-paral-16: 4.426
recursive-inner-paral-cutoff-16: 4.263
recursive-paral-cutoff-16: 4.298
recursive-inner-simd-16: 7.664
recursive-simd-16: 7.700
recursive-inner-simd-paral-16: 1.700
recursive-simd-paral-16: 1.734
recursive-inner-simd-paral-cutoff-16: 1.769
recursive-simd-paral-cutoff-16: 1.804
recursive-inner-32: 20.538
recursive-32: 20.576
recursive-inner-paral-32: 4.451
recursive-paral-32: 4.486
recursive-inner-paral-cutoff-32: 4.659
recursive-paral-cutoff-32: 4.694
recursive-inner-simd-32: 2.830
recursive-simd-32: 2.865
recursive-inner-simd-paral-32: 0.699
recursive-simd-paral-32: 0.734
recursive-inner-simd-paral-cutoff-32: 0.703
recursive-simd-paral-cutoff-32: 0.738
strassen-inner-32: 0.432
strassen-32: 0.469
recursive-inner-64: 20.946
recursive-64: 20.982
recursive-inner-paral-64: 4.491
recursive-paral-64: 4.526
recursive-inner-paral-cutoff-64: 4.414
recursive-paral-cutoff-64: 4.448
recursive-inner-simd-64: 1.764
recursive-simd-64: 1.798
recursive-inner-simd-paral-64: 0.451
recursive-simd-paral-64: 0.486
recursive-inner-simd-paral-cutoff-64: 0.465
recursive-simd-paral-cutoff-64: 0.500
strassen-inner-64: 0.322
strassen-64: 0.359
recursive-inner-128: 21.455
recursive-128: 21.493
recursive-inner-paral-128: 4.884
recursive-paral-128: 4.920
recursive-inner-paral-cutoff-128: 4.992
recursive-paral-cutoff-128: 5.028
recursive-inner-simd-128: 1.443
recursive-simd-128: 1.479
recursive-inner-simd-paral-128: 0.378
recursive-simd-paral-128: 0.414
recursive-inner-simd-paral-cutoff-128: 0.376
recursive-simd-paral-cutoff-128: 0.412
strassen-inner-128: 0.300
strassen-128: 0.338
recursive-inner-256: 25.501
recursive-256: 25.537
recursive-inner-paral-256: 6.613
recursive-paral-256: 6.648
recursive-inner-paral-cutoff-256: 6.509
recursive-paral-cutoff-256: 6.545
recursive-inner-simd-256: 1.775
recursive-simd-256: 1.816
recursive-inner-simd-paral-256: 0.444
recursive-simd-paral-256: 0.484
recursive-inner-simd-paral-cutoff-256: 0.374
recursive-simd-paral-cutoff-256: 0.409
strassen-inner-256: 0.335
strassen-256: 0.372
recursive-inner-512: 28.823
recursive-512: 28.859
recursive-inner-paral-512: 7.474
recursive-paral-512: 7.509
recursive-inner-paral-cutoff-512: 7.262
recursive-paral-cutoff-512: 7.296
recursive-inner-simd-512: 1.390
recursive-simd-512: 1.425
recursive-inner-simd-paral-512: 0.415
recursive-simd-paral-512: 0.449
recursive-inner-simd-paral-cutoff-512: 0.391
recursive-simd-paral-cutoff-512: 0.425
strassen-inner-512: 0.509
strassen-512: 0.545
recursive-inner-1024: 36.068
recursive-1024: 36.104
recursive-inner-paral-1024: 12.769
recursive-paral-1024: 12.804
recursive-inner-paral-cutoff-1024: 14.735
recursive-paral-cutoff-1024: 14.771
recursive-inner-simd-1024: 2.061
recursive-simd-1024: 2.101
recursive-inner-simd-paral-1024: 0.723
recursive-simd-paral-1024: 0.761
recursive-inner-simd-paral-cutoff-1024: 0.710
recursive-simd-paral-cutoff-1024: 0.753
strassen-inner-1024: 0.999
strassen-1024: 1.039
