simple: 0.042
colcp: 0.039
simd: 0.002
recursive-inner-1: 0.179
recursive-1: 0.179
recursive-inner-paral-1: 0.135
recursive-paral-1: 0.136
recursive-inner-paral-cutoff-1: 0.067
recursive-paral-cutoff-1: 0.067
recursive-inner-2: 0.052
recursive-2: 0.053
recursive-inner-paral-2: 0.028
recursive-paral-2: 0.028
recursive-inner-paral-cutoff-2: 0.026
recursive-paral-cutoff-2: 0.027
recursive-inner-4: 0.036
recursive-4: 0.036
recursive-inner-paral-4: 0.011
recursive-paral-4: 0.011
recursive-inner-paral-cutoff-4: 0.018
recursive-paral-cutoff-4: 0.018
recursive-inner-simd-4: 0.681
recursive-simd-4: 0.681
recursive-inner-simd-paral-4: 0.161
recursive-simd-paral-4: 0.161
recursive-inner-simd-paral-cutoff-4: 0.265
recursive-simd-paral-cutoff-4: 0.265
recursive-inner-8: 0.036
recursive-8: 0.036
recursive-inner-paral-8: 0.010
recursive-paral-8: 0.010
recursive-inner-paral-cutoff-8: 0.016
recursive-paral-cutoff-8: 0.016
recursive-inner-simd-8: 0.094
recursive-simd-8: 0.095
recursive-inner-simd-paral-8: 0.027
recursive-simd-paral-8: 0.028
recursive-inner-simd-paral-cutoff-8: 0.034
recursive-simd-paral-cutoff-8: 0.035
recursive-inner-16: 0.042
recursive-16: 0.042
recursive-inner-paral-16: 0.012
recursive-paral-16: 0.012
recursive-inner-paral-cutoff-16: 0.016
recursive-paral-cutoff-16: 0.016
recursive-inner-simd-16: 0.015
recursive-simd-16: 0.015
recursive-inner-simd-paral-16: 0.006
recursive-simd-paral-16: 0.006
recursive-inner-simd-paral-cutoff-16: 0.006
recursive-simd-paral-cutoff-16: 0.006
recursive-inner-32: 0.040
recursive-32: 0.040
recursive-inner-paral-32: 0.010
recursive-paral-32: 0.011
recursive-inner-paral-cutoff-32: 0.017
recursive-paral-cutoff-32: 0.017
recursive-inner-simd-32: 0.005
recursive-simd-32: 0.006
recursive-inner-simd-paral-32: 0.001
recursive-simd-paral-32: 0.002
recursive-inner-simd-paral-cutoff-32: 0.002
recursive-simd-paral-cutoff-32: 0.003
strassen-inner-32: 0.001
strassen-32: 0.002
recursive-inner-64: 0.040
recursive-64: 0.041
recursive-inner-paral-64: 0.011
recursive-paral-64: 0.011
recursive-inner-paral-cutoff-64: 0.016
recursive-paral-cutoff-64: 0.017
recursive-inner-simd-64: 0.003
recursive-simd-64: 0.003
recursive-inner-simd-paral-64: 0.000
recursive-simd-paral-64: 0.001
recursive-inner-simd-paral-cutoff-64: 0.001
recursive-simd-paral-cutoff-64: 0.002
strassen-inner-64: 0.000
strassen-64: 0.001
recursive-inner-128: 0.041
recursive-128: 0.042
recursive-inner-paral-128: 0.017
recursive-paral-128: 0.017
recursive-inner-paral-cutoff-128: 0.018
recursive-paral-cutoff-128: 0.019
recursive-inner-simd-128: 0.002
recursive-simd-128: 0.003
recursive-inner-simd-paral-128: 0.001
recursive-simd-paral-128: 0.001
recursive-inner-simd-paral-cutoff-128: 0.001
recursive-simd-paral-cutoff-128: 0.001
strassen-inner-128: 0.001
strassen-128: 0.001
recursive-inner-256: 0.047
recursive-256: 0.047
recursive-inner-paral-256: 0.047
recursive-paral-256: 0.047
recursive-inner-paral-cutoff-256: 0.046
recursive-paral-cutoff-256: 0.047
recursive-inner-simd-256: 0.003
recursive-simd-256: 0.003
recursive-inner-simd-paral-256: 0.002
recursive-simd-paral-256: 0.003
recursive-inner-simd-paral-cutoff-256: 0.002
recursive-simd-paral-cutoff-256: 0.003
strassen-inner-256: 0.002
strassen-256: 0.003
