simple: 1180.623
colcp: 168.238
simd: 15.677
recursive-inner-1: 764.258
recursive-1: 764.545
recursive-inner-paral-1: 482.762
recursive-paral-1: 483.049
recursive-inner-paral-cutoff-1: 216.387
recursive-paral-cutoff-1: 216.672
recursive-inner-2: 215.565
recursive-2: 215.743
recursive-inner-paral-2: 93.789
recursive-paral-2: 93.966
recursive-inner-paral-cutoff-2: 57.691
recursive-paral-cutoff-2: 57.876
recursive-inner-4: 152.099
recursive-4: 152.275
recursive-inner-paral-4: 42.795
recursive-paral-4: 42.940
recursive-inner-paral-cutoff-4: 37.802
recursive-paral-cutoff-4: 37.950
recursive-inner-simd-4: 2763.179
recursive-simd-4: 2763.351
recursive-inner-simd-paral-4: 605.781
recursive-simd-paral-4: 605.927
recursive-inner-simd-paral-cutoff-4: 599.949
recursive-simd-paral-cutoff-4: 600.094
recursive-inner-8: 146.411
recursive-8: 146.549
recursive-inner-paral-8: 35.880
recursive-paral-8: 36.018
recursive-inner-paral-cutoff-8: 34.969
recursive-paral-cutoff-8: 35.109
recursive-inner-simd-8: 328.874
recursive-simd-8: 329.025
recursive-inner-simd-paral-8: 76.885
recursive-simd-paral-8: 77.049
recursive-inner-simd-paral-cutoff-8: 76.355
recursive-simd-paral-cutoff-8: 76.493
recursive-inner-16: 153.405
recursive-16: 153.545
recursive-inner-paral-16: 34.292
recursive-paral-16: 34.435
recursive-inner-paral-cutoff-16: 34.558
recursive-paral-cutoff-16: 34.699
recursive-inner-simd-16: 60.050
recursive-simd-16: 60.191
recursive-inner-simd-paral-16: 13.065
recursive-simd-paral-16: 13.208
recursive-inner-simd-paral-cutoff-16: 13.130
recursive-simd-paral-cutoff-16: 13.280
recursive-inner-32: 164.084
recursive-32: 164.251
recursive-inner-paral-32: 36.112
recursive-paral-32: 36.258
recursive-inner-paral-cutoff-32: 35.792
recursive-paral-cutoff-32: 35.936
recursive-inner-simd-32: 23.015
recursive-simd-32: 23.159
recursive-inner-simd-paral-32: 5.694
recursive-simd-paral-32: 5.841
recursive-inner-simd-paral-cutoff-32: 5.613
recursive-simd-paral-cutoff-32: 5.757
strassen-inner-32: 2.921
strassen-32: 3.080
recursive-inner-64: 166.780
recursive-64: 166.953
recursive-inner-paral-64: 34.960
recursive-paral-64: 35.105
recursive-inner-paral-cutoff-64: 35.223
recursive-paral-cutoff-64: 35.367
recursive-inner-simd-64: 14.187
recursive-simd-64: 14.340
recursive-inner-simd-paral-64: 3.834
recursive-simd-paral-64: 4.006
recursive-inner-simd-paral-cutoff-64: 3.586
recursive-simd-paral-cutoff-64: 3.732
strassen-inner-64: 2.335
strassen-64: 2.487
recursive-inner-128: 171.203
recursive-128: 171.347
recursive-inner-paral-128: 38.909
recursive-paral-128: 39.054
recursive-inner-paral-cutoff-128: 39.269
recursive-paral-cutoff-128: 39.412
recursive-inner-simd-128: 11.585
recursive-simd-128: 11.728
recursive-inner-simd-paral-128: 2.975
recursive-simd-paral-128: 3.118
recursive-inner-simd-paral-cutoff-128: 2.934
recursive-simd-paral-cutoff-128: 3.078
strassen-inner-128: 2.128
strassen-128: 2.275
recursive-inner-256: 199.471
recursive-256: 199.613
recursive-inner-paral-256: 51.124
recursive-paral-256: 51.266
recursive-inner-paral-cutoff-256: 50.832
recursive-paral-cutoff-256: 50.976
recursive-inner-simd-256: 12.558
recursive-simd-256: 12.701
recursive-inner-simd-paral-256: 2.986
recursive-simd-paral-256: 3.128
recursive-inner-simd-paral-cutoff-256: 3.089
recursive-simd-paral-cutoff-256: 3.236
strassen-inner-256: 2.181
strassen-256: 2.351
recursive-inner-512: 235.186
recursive-512: 235.327
recursive-inner-paral-512: 57.566
recursive-paral-512: 57.705
recursive-inner-paral-cutoff-512: 58.041
recursive-paral-cutoff-512: 58.181
recursive-inner-simd-512: 11.326
recursive-simd-512: 11.466
recursive-inner-simd-paral-512: 3.453
recursive-simd-paral-512: 3.593
recursive-inner-simd-paral-cutoff-512: 3.264
recursive-simd-paral-cutoff-512: 3.404
strassen-inner-512: 3.462
strassen-512: 3.615
recursive-inner-1024: 283.807
recursive-1024: 283.958
recursive-inner-paral-1024: 83.778
recursive-paral-1024: 83.928
recursive-inner-paral-cutoff-1024: 90.004
recursive-paral-cutoff-1024: 90.143
recursive-inner-simd-1024: 16.652
recursive-simd-1024: 16.794
recursive-inner-simd-paral-1024: 5.879
recursive-simd-paral-1024: 6.020
recursive-inner-simd-paral-cutoff-1024: 5.740
recursive-simd-paral-cutoff-1024: 5.885
strassen-inner-1024: 7.671
strassen-1024: 7.825
