simple: 0.390
colcp: 0.320
simd: 0.021
recursive-inner-1: 1.425
recursive-1: 1.430
recursive-inner-paral-1: 1.039
recursive-paral-1: 1.044
recursive-inner-paral-cutoff-1: 0.464
recursive-paral-cutoff-1: 0.469
recursive-inner-2: 0.414
recursive-2: 0.417
recursive-inner-paral-2: 0.188
recursive-paral-2: 0.191
recursive-inner-paral-cutoff-2: 0.109
recursive-paral-cutoff-2: 0.112
recursive-inner-4: 0.288
recursive-4: 0.290
recursive-inner-paral-4: 0.087
recursive-paral-4: 0.089
recursive-inner-paral-cutoff-4: 0.074
recursive-paral-cutoff-4: 0.076
recursive-inner-simd-4: 5.219
recursive-simd-4: 5.221
recursive-inner-simd-paral-4: 1.182
recursive-simd-paral-4: 1.184
recursive-inner-simd-paral-cutoff-4: 1.231
recursive-simd-paral-cutoff-4: 1.233
recursive-inner-8: 0.311
recursive-8: 0.313
recursive-inner-paral-8: 0.085
recursive-paral-8: 0.087
recursive-inner-paral-cutoff-8: 0.093
recursive-paral-cutoff-8: 0.095
recursive-inner-simd-8: 0.663
recursive-simd-8: 0.664
recursive-inner-simd-paral-8: 0.152
recursive-simd-paral-8: 0.154
recursive-inner-simd-paral-cutoff-8: 0.150
recursive-simd-paral-cutoff-8: 0.152
recursive-inner-16: 0.296
recursive-16: 0.298
recursive-inner-paral-16: 0.067
recursive-paral-16: 0.070
recursive-inner-paral-cutoff-16: 0.067
recursive-paral-cutoff-16: 0.069
recursive-inner-simd-16: 0.130
recursive-simd-16: 0.132
recursive-inner-simd-paral-16: 0.030
recursive-simd-paral-16: 0.033
recursive-inner-simd-paral-cutoff-16: 0.027
recursive-simd-paral-cutoff-16: 0.029
recursive-inner-32: 0.333
recursive-32: 0.335
recursive-inner-paral-32: 0.072
recursive-paral-32: 0.074
recursive-inner-paral-cutoff-32: 0.072
recursive-paral-cutoff-32: 0.074
recursive-inner-simd-32: 0.045
recursive-simd-32: 0.047
recursive-inner-simd-paral-32: 0.011
recursive-simd-paral-32: 0.014
recursive-inner-simd-paral-cutoff-32: 0.012
recursive-simd-paral-cutoff-32: 0.015
strassen-inner-32: 0.008
strassen-32: 0.010
recursive-inner-64: 0.332
recursive-64: 0.334
recursive-inner-paral-64: 0.081
recursive-paral-64: 0.083
recursive-inner-paral-cutoff-64: 0.104
recursive-paral-cutoff-64: 0.106
recursive-inner-simd-64: 0.030
recursive-simd-64: 0.032
recursive-inner-simd-paral-64: 0.009
recursive-simd-paral-64: 0.011
recursive-inner-simd-paral-cutoff-64: 0.011
recursive-simd-paral-cutoff-64: 0.014
strassen-inner-64: 0.009
strassen-64: 0.012
recursive-inner-128: 0.336
recursive-128: 0.339
recursive-inner-paral-128: 0.078
recursive-paral-128: 0.080
recursive-inner-paral-cutoff-128: 0.078
recursive-paral-cutoff-128: 0.080
recursive-inner-simd-128: 0.024
recursive-simd-128: 0.026
recursive-inner-simd-paral-128: 0.007
recursive-simd-paral-128: 0.009
recursive-inner-simd-paral-cutoff-128: 0.008
recursive-simd-paral-cutoff-128: 0.011
strassen-inner-128: 0.008
strassen-128: 0.010
recursive-inner-256: 0.434
recursive-256: 0.437
recursive-inner-paral-256: 0.123
recursive-paral-256: 0.126
recursive-inner-paral-cutoff-256: 0.169
recursive-paral-cutoff-256: 0.172
recursive-inner-simd-256: 0.025
recursive-simd-256: 0.027
recursive-inner-simd-paral-256: 0.012
recursive-simd-paral-256: 0.014
recursive-inner-simd-paral-cutoff-256: 0.012
recursive-simd-paral-cutoff-256: 0.014
strassen-inner-256: 0.007
strassen-256: 0.009
recursive-inner-512: 0.487
recursive-512: 0.490
recursive-inner-paral-512: 0.445
recursive-paral-512: 0.447
recursive-inner-paral-cutoff-512: 0.459
recursive-paral-cutoff-512: 0.461
recursive-inner-simd-512: 0.022
recursive-simd-512: 0.024
recursive-inner-simd-paral-512: 0.021
recursive-simd-paral-512: 0.023
recursive-inner-simd-paral-cutoff-512: 0.021
recursive-simd-paral-cutoff-512: 0.023
strassen-inner-512: 0.022
strassen-512: 0.024
