simd: 126.505
recursive-inner-paral-cutoff-64: 279.786
recursive-paral-cutoff-64: 280.346
recursive-inner-simd-paral-cutoff-64: 28.851
recursive-simd-paral-cutoff-64: 29.411
strassen-inner-64: 15.220
strassen-64: 15.831
recursive-inner-paral-cutoff-128: 310.686
recursive-paral-cutoff-128: 311.312
recursive-inner-simd-paral-cutoff-128: 23.760
recursive-simd-paral-cutoff-128: 24.332
strassen-inner-128: 13.593
strassen-128: 14.160
recursive-inner-paral-cutoff-256: 412.515
recursive-paral-cutoff-256: 413.076
recursive-inner-simd-paral-cutoff-256: 24.261
recursive-simd-paral-cutoff-256: 24.818
strassen-inner-256: 14.458
strassen-256: 15.021
recursive-inner-paral-cutoff-512: 458.025
recursive-paral-cutoff-512: 458.592
recursive-inner-simd-paral-cutoff-512: 32.752
recursive-simd-paral-cutoff-512: 33.325
strassen-inner-512: 25.490
strassen-512: 26.074
recursive-inner-paral-cutoff-1024: 697.710
recursive-paral-cutoff-1024: 698.320
recursive-inner-simd-paral-cutoff-1024: 60.533
recursive-simd-paral-cutoff-1024: 61.106
strassen-inner-1024: 54.272
strassen-1024: 54.880
