simple: 14.739
colcp: 4.389
simd: 0.606
recursive-inner-1: 22.222
recursive-1: 22.253
recursive-inner-paral-1: 12.220
recursive-paral-1: 12.252
recursive-inner-paral-cutoff-1: 4.538
recursive-paral-cutoff-1: 4.570
recursive-inner-2: 6.753
recursive-2: 6.771
recursive-inner-paral-2: 2.155
recursive-paral-2: 2.174
recursive-inner-paral-cutoff-2: 1.136
recursive-paral-cutoff-2: 1.155
recursive-inner-4: 4.242
recursive-4: 4.255
recursive-inner-paral-4: 0.810
recursive-paral-4: 0.824
recursive-inner-paral-cutoff-4: 0.656
recursive-paral-cutoff-4: 0.671
recursive-inner-simd-4: 56.128
recursive-simd-4: 56.141
recursive-inner-simd-paral-4: 13.568
recursive-simd-paral-4: 13.582
recursive-inner-simd-paral-cutoff-4: 14.015
recursive-simd-paral-cutoff-4: 14.028
recursive-inner-8: 4.134
recursive-8: 4.150
recursive-inner-paral-8: 0.624
recursive-paral-8: 0.640
recursive-inner-paral-cutoff-8: 0.652
recursive-paral-cutoff-8: 0.669
recursive-inner-simd-8: 8.520
recursive-simd-8: 8.537
recursive-inner-simd-paral-8: 1.832
recursive-simd-paral-8: 1.848
recursive-inner-simd-paral-cutoff-8: 1.849
recursive-simd-paral-cutoff-8: 1.865
recursive-inner-16: 4.220
recursive-16: 4.235
recursive-inner-paral-16: 0.619
recursive-paral-16: 0.635
recursive-inner-paral-cutoff-16: 0.621
recursive-paral-cutoff-16: 0.636
recursive-inner-simd-16: 1.973
recursive-simd-16: 1.989
recursive-inner-simd-paral-16: 0.378
recursive-simd-paral-16: 0.394
recursive-inner-simd-paral-cutoff-16: 0.384
recursive-simd-paral-cutoff-16: 0.400
recursive-inner-32: 4.679
recursive-32: 4.691
recursive-inner-paral-32: 0.656
recursive-paral-32: 0.668
recursive-inner-paral-cutoff-32: 0.667
recursive-paral-cutoff-32: 0.679
recursive-inner-simd-32: 0.884
recursive-simd-32: 0.896
recursive-inner-simd-paral-32: 0.168
recursive-simd-paral-32: 0.180
recursive-inner-simd-paral-cutoff-32: 0.171
recursive-simd-paral-cutoff-32: 0.184
strassen-inner-32: 0.112
strassen-32: 0.124
recursive-inner-64: 4.786
recursive-64: 4.796
recursive-inner-paral-64: 0.701
recursive-paral-64: 0.711
recursive-inner-paral-cutoff-64: 0.673
recursive-paral-cutoff-64: 0.683
recursive-inner-simd-64: 0.630
recursive-simd-64: 0.640
recursive-inner-simd-paral-64: 0.120
recursive-simd-paral-64: 0.131
recursive-inner-simd-paral-cutoff-64: 0.129
recursive-simd-paral-cutoff-64: 0.139
strassen-inner-64: 0.092
strassen-64: 0.102
recursive-inner-128: 4.781
recursive-128: 4.792
recursive-inner-paral-128: 0.765
recursive-paral-128: 0.776
recursive-inner-paral-cutoff-128: 0.752
recursive-paral-cutoff-128: 0.762
recursive-inner-simd-128: 0.545
recursive-simd-128: 0.556
recursive-inner-simd-paral-128: 0.107
recursive-simd-paral-128: 0.117
recursive-inner-simd-paral-cutoff-128: 0.107
recursive-simd-paral-cutoff-128: 0.117
strassen-inner-128: 0.089
strassen-128: 0.100
recursive-inner-256: 5.005
recursive-256: 5.016
recursive-inner-paral-256: 0.739
recursive-paral-256: 0.750
recursive-inner-paral-cutoff-256: 0.781
recursive-paral-cutoff-256: 0.791
recursive-inner-simd-256: 0.470
recursive-simd-256: 0.480
recursive-inner-simd-paral-256: 0.110
recursive-simd-paral-256: 0.120
recursive-inner-simd-paral-cutoff-256: 0.085
recursive-simd-paral-cutoff-256: 0.095
strassen-inner-256: 0.086
strassen-256: 0.097
recursive-inner-512: 5.689
recursive-512: 5.699
recursive-inner-paral-512: 1.488
recursive-paral-512: 1.498
recursive-inner-paral-cutoff-512: 1.489
recursive-paral-cutoff-512: 1.500
recursive-inner-simd-512: 0.440
recursive-simd-512: 0.451
recursive-inner-simd-paral-512: 0.155
recursive-simd-paral-512: 0.166
recursive-inner-simd-paral-cutoff-512: 0.154
recursive-simd-paral-cutoff-512: 0.165
strassen-inner-512: 0.097
strassen-512: 0.108
recursive-inner-1024: 14.608
recursive-1024: 14.618
recursive-inner-paral-1024: 14.638
recursive-paral-1024: 14.649
recursive-inner-paral-cutoff-1024: 14.694
recursive-paral-cutoff-1024: 14.704
recursive-inner-simd-1024: 0.625
recursive-simd-1024: 0.635
recursive-inner-simd-paral-1024: 0.620
recursive-simd-paral-1024: 0.631
recursive-inner-simd-paral-cutoff-1024: 0.615
recursive-simd-paral-cutoff-1024: 0.626
strassen-inner-1024: 0.620
strassen-1024: 0.631
