simd: 2835.497
recursive-inner-paral-cutoff-64: 2697.705
recursive-paral-cutoff-64: 2701.215
recursive-inner-simd-paral-cutoff-64: 459.779
recursive-simd-paral-cutoff-64: 463.285
strassen-inner-64: 197.714
strassen-64: 201.374
recursive-inner-paral-cutoff-128: 2860.568
recursive-paral-cutoff-128: 2863.834
recursive-inner-simd-paral-cutoff-128: 396.157
recursive-simd-paral-cutoff-128: 399.079
strassen-inner-128: 185.928
strassen-128: 188.881
recursive-inner-paral-cutoff-256: 2977.628
recursive-paral-cutoff-256: 2980.794
recursive-inner-simd-paral-cutoff-256: 349.393
recursive-simd-paral-cutoff-256: 352.594
strassen-inner-256: 178.627
strassen-256: 181.609
recursive-inner-paral-cutoff-512: 3186.518
recursive-paral-cutoff-512: 3189.609
recursive-inner-simd-paral-cutoff-512: 343.105
recursive-simd-paral-cutoff-512: 346.008
strassen-inner-512: 220.439
strassen-512: 223.339
recursive-inner-paral-cutoff-1024: 9695.138
recursive-paral-cutoff-1024: 9698.073
recursive-inner-simd-paral-cutoff-1024: 839.439
recursive-simd-paral-cutoff-1024: 842.224
strassen-inner-1024: 577.478
strassen-1024: 580.251
