simple: 322.512
colcp: 34.859
simd: 5.803
recursive-inner-1: 177.891
recursive-1: 178.025
recursive-inner-paral-1: 90.966
recursive-paral-1: 91.098
recursive-inner-paral-cutoff-1: 35.022
recursive-paral-cutoff-1: 35.156
recursive-inner-2: 54.023
recursive-2: 54.099
recursive-inner-paral-2: 16.020
recursive-paral-2: 16.098
recursive-inner-paral-cutoff-2: 8.513
recursive-paral-cutoff-2: 8.590
recursive-inner-4: 34.713
recursive-4: 34.773
recursive-inner-paral-4: 6.144
recursive-paral-4: 6.203
recursive-inner-paral-cutoff-4: 5.188
recursive-paral-cutoff-4: 5.246
recursive-inner-simd-4: 447.524
recursive-simd-4: 447.583
recursive-inner-simd-paral-4: 107.978
recursive-simd-paral-4: 108.036
recursive-inner-simd-paral-cutoff-4: 108.885
recursive-simd-paral-cutoff-4: 108.947
recursive-inner-8: 33.017
recursive-8: 33.086
recursive-inner-paral-8: 4.947
recursive-paral-8: 5.015
recursive-inner-paral-cutoff-8: 4.851
recursive-paral-cutoff-8: 4.920
recursive-inner-simd-8: 67.380
recursive-simd-8: 67.449
recursive-inner-simd-paral-8: 14.634
recursive-simd-paral-8: 14.707
recursive-inner-simd-paral-cutoff-8: 14.598
recursive-simd-paral-cutoff-8: 14.666
recursive-inner-16: 33.465
recursive-16: 33.531
recursive-inner-paral-16: 4.786
recursive-paral-16: 4.856
recursive-inner-paral-cutoff-16: 4.853
recursive-paral-cutoff-16: 4.922
recursive-inner-simd-16: 15.825
recursive-simd-16: 15.891
recursive-inner-simd-paral-16: 2.930
recursive-simd-paral-16: 2.996
recursive-inner-simd-paral-cutoff-16: 2.935
recursive-simd-paral-cutoff-16: 3.002
recursive-inner-32: 37.145
recursive-32: 37.197
recursive-inner-paral-32: 5.079
recursive-paral-32: 5.132
recursive-inner-paral-cutoff-32: 5.173
recursive-paral-cutoff-32: 5.226
recursive-inner-simd-32: 7.133
recursive-simd-32: 7.185
recursive-inner-simd-paral-32: 1.317
recursive-simd-paral-32: 1.369
recursive-inner-simd-paral-cutoff-32: 1.319
recursive-simd-paral-cutoff-32: 1.372
strassen-inner-32: 0.759
strassen-32: 0.810
recursive-inner-64: 38.166
recursive-64: 38.208
recursive-inner-paral-64: 5.295
recursive-paral-64: 5.338
recursive-inner-paral-cutoff-64: 5.317
recursive-paral-cutoff-64: 5.357
recursive-inner-simd-64: 5.057
recursive-simd-64: 5.100
recursive-inner-simd-paral-64: 0.908
recursive-simd-paral-64: 0.952
recursive-inner-simd-paral-cutoff-64: 0.919
recursive-simd-paral-cutoff-64: 0.962
strassen-inner-64: 0.625
strassen-64: 0.668
recursive-inner-128: 37.630
recursive-128: 37.672
recursive-inner-paral-128: 5.747
recursive-paral-128: 5.790
recursive-inner-paral-cutoff-128: 5.658
recursive-paral-cutoff-128: 5.701
recursive-inner-simd-128: 4.388
recursive-simd-128: 4.430
recursive-inner-simd-paral-128: 0.791
recursive-simd-paral-128: 0.834
recursive-inner-simd-paral-cutoff-128: 0.791
recursive-simd-paral-cutoff-128: 0.834
strassen-inner-128: 0.590
strassen-128: 0.632
recursive-inner-256: 39.992
recursive-256: 40.035
recursive-inner-paral-256: 6.145
recursive-paral-256: 6.186
recursive-inner-paral-cutoff-256: 6.046
recursive-paral-cutoff-256: 6.087
recursive-inner-simd-256: 3.706
recursive-simd-256: 3.749
recursive-inner-simd-paral-256: 0.718
recursive-simd-paral-256: 0.759
recursive-inner-simd-paral-cutoff-256: 0.710
recursive-simd-paral-cutoff-256: 0.751
strassen-inner-256: 0.555
strassen-256: 0.599
recursive-inner-512: 45.647
recursive-512: 45.690
recursive-inner-paral-512: 6.251
recursive-paral-512: 6.295
recursive-inner-paral-cutoff-512: 6.284
recursive-paral-cutoff-512: 6.324
recursive-inner-simd-512: 3.458
recursive-simd-512: 3.500
recursive-inner-simd-paral-512: 0.689
recursive-simd-paral-512: 0.731
recursive-inner-simd-paral-cutoff-512: 0.666
recursive-simd-paral-cutoff-512: 0.708
strassen-inner-512: 0.595
strassen-512: 0.637
recursive-inner-1024: 116.501
recursive-1024: 116.541
recursive-inner-paral-1024: 32.653
recursive-paral-1024: 32.699
recursive-inner-paral-cutoff-1024: 31.158
recursive-paral-cutoff-1024: 31.199
recursive-inner-simd-1024: 4.962
recursive-simd-1024: 5.002
recursive-inner-simd-paral-1024: 1.596
recursive-simd-paral-1024: 1.634
recursive-inner-simd-paral-cutoff-1024: 1.558
recursive-simd-paral-cutoff-1024: 1.598
strassen-inner-1024: 1.680
strassen-1024: 1.720
