simple: 0.077
colcp: 0.067
simd: 0.007
recursive-inner-1: 0.347
recursive-1: 0.348
recursive-inner-paral-1: 0.234
recursive-paral-1: 0.235
recursive-inner-paral-cutoff-1: 0.129
recursive-paral-cutoff-1: 0.130
recursive-inner-2: 0.104
recursive-2: 0.105
recursive-inner-paral-2: 0.041
recursive-paral-2: 0.042
recursive-inner-paral-cutoff-2: 0.033
recursive-paral-cutoff-2: 0.034
recursive-inner-4: 0.066
recursive-4: 0.067
recursive-inner-paral-4: 0.014
recursive-paral-4: 0.015
recursive-inner-paral-cutoff-4: 0.018
recursive-paral-cutoff-4: 0.018
recursive-inner-simd-4: 0.892
recursive-simd-4: 0.892
recursive-inner-simd-paral-4: 0.219
recursive-simd-paral-4: 0.219
recursive-inner-simd-paral-cutoff-4: 0.236
recursive-simd-paral-cutoff-4: 0.237
recursive-inner-8: 0.062
recursive-8: 0.063
recursive-inner-paral-8: 0.011
recursive-paral-8: 0.011
recursive-inner-paral-cutoff-8: 0.017
recursive-paral-cutoff-8: 0.017
recursive-inner-simd-8: 0.132
recursive-simd-8: 0.132
recursive-inner-simd-paral-8: 0.030
recursive-simd-paral-8: 0.031
recursive-inner-simd-paral-cutoff-8: 0.035
recursive-simd-paral-cutoff-8: 0.035
recursive-inner-16: 0.066
recursive-16: 0.066
recursive-inner-paral-16: 0.009
recursive-paral-16: 0.009
recursive-inner-paral-cutoff-16: 0.016
recursive-paral-cutoff-16: 0.017
recursive-inner-simd-16: 0.030
recursive-simd-16: 0.031
recursive-inner-simd-paral-16: 0.006
recursive-simd-paral-16: 0.007
recursive-inner-simd-paral-cutoff-16: 0.010
recursive-simd-paral-cutoff-16: 0.010
recursive-inner-32: 0.072
recursive-32: 0.072
recursive-inner-paral-32: 0.010
recursive-paral-32: 0.010
recursive-inner-paral-cutoff-32: 0.018
recursive-paral-cutoff-32: 0.018
recursive-inner-simd-32: 0.013
recursive-simd-32: 0.014
recursive-inner-simd-paral-32: 0.002
recursive-simd-paral-32: 0.003
recursive-inner-simd-paral-cutoff-32: 0.004
recursive-simd-paral-cutoff-32: 0.005
strassen-inner-32: 0.002
strassen-32: 0.003
recursive-inner-64: 0.071
recursive-64: 0.072
recursive-inner-paral-64: 0.012
recursive-paral-64: 0.013
recursive-inner-paral-cutoff-64: 0.019
recursive-paral-cutoff-64: 0.019
recursive-inner-simd-64: 0.009
recursive-simd-64: 0.010
recursive-inner-simd-paral-64: 0.001
recursive-simd-paral-64: 0.002
recursive-inner-simd-paral-cutoff-64: 0.003
recursive-simd-paral-cutoff-64: 0.004
strassen-inner-64: 0.001
strassen-64: 0.002
recursive-inner-128: 0.070
recursive-128: 0.071
recursive-inner-paral-128: 0.018
recursive-paral-128: 0.018
recursive-inner-paral-cutoff-128: 0.018
recursive-paral-cutoff-128: 0.018
recursive-inner-simd-128: 0.008
recursive-simd-128: 0.009
recursive-inner-simd-paral-128: 0.003
recursive-simd-paral-128: 0.003
recursive-inner-simd-paral-cutoff-128: 0.003
recursive-simd-paral-cutoff-128: 0.003
strassen-inner-128: 0.002
strassen-128: 0.002
recursive-inner-256: 0.078
recursive-256: 0.079
recursive-inner-paral-256: 0.080
recursive-paral-256: 0.081
recursive-inner-paral-cutoff-256: 0.082
recursive-paral-cutoff-256: 0.083
recursive-inner-simd-256: 0.007
recursive-simd-256: 0.008
recursive-inner-simd-paral-256: 0.007
recursive-simd-paral-256: 0.007
recursive-inner-simd-paral-cutoff-256: 0.007
recursive-simd-paral-cutoff-256: 0.007
strassen-inner-256: 0.007
strassen-256: 0.008
