simple: 2928.770
colcp: 277.041
simd: 44.112
recursive-inner-1: 1422.658
recursive-1: 1423.251
recursive-inner-paral-1: 725.342
recursive-paral-1: 725.931
recursive-inner-paral-cutoff-1: 278.657
recursive-paral-cutoff-1: 279.253
recursive-inner-2: 432.606
recursive-2: 432.935
recursive-inner-paral-2: 124.779
recursive-paral-2: 125.100
recursive-inner-paral-cutoff-2: 67.234
recursive-paral-cutoff-2: 67.557
recursive-inner-4: 271.491
recursive-4: 271.743
recursive-inner-paral-4: 47.902
recursive-paral-4: 48.155
recursive-inner-paral-cutoff-4: 40.753
recursive-paral-cutoff-4: 41.001
recursive-inner-simd-4: 3641.101
recursive-simd-4: 3641.347
recursive-inner-simd-paral-4: 863.580
recursive-simd-paral-4: 863.833
recursive-inner-simd-paral-cutoff-4: 860.633
recursive-simd-paral-cutoff-4: 860.880
recursive-inner-8: 265.425
recursive-8: 265.749
recursive-inner-paral-8: 39.271
recursive-paral-8: 39.605
recursive-inner-paral-cutoff-8: 38.995
recursive-paral-cutoff-8: 39.321
recursive-inner-simd-8: 544.127
recursive-simd-8: 544.448
recursive-inner-simd-paral-8: 115.386
recursive-simd-paral-8: 115.715
recursive-inner-simd-paral-cutoff-8: 115.688
recursive-simd-paral-cutoff-8: 116.019
recursive-inner-16: 282.668
recursive-16: 282.976
recursive-inner-paral-16: 38.305
recursive-paral-16: 38.619
recursive-inner-paral-cutoff-16: 38.645
recursive-paral-cutoff-16: 38.962
recursive-inner-simd-16: 126.792
recursive-simd-16: 127.092
recursive-inner-simd-paral-16: 23.196
recursive-simd-paral-16: 23.505
recursive-inner-simd-paral-cutoff-16: 23.336
recursive-simd-paral-cutoff-16: 23.647
recursive-inner-32: 298.865
recursive-32: 299.092
recursive-inner-paral-32: 40.854
recursive-paral-32: 41.080
recursive-inner-paral-cutoff-32: 41.384
recursive-paral-cutoff-32: 41.612
recursive-inner-simd-32: 57.804
recursive-simd-32: 58.030
recursive-inner-simd-paral-32: 10.360
recursive-simd-paral-32: 10.584
recursive-inner-simd-paral-cutoff-32: 10.402
recursive-simd-paral-cutoff-32: 10.627
strassen-inner-32: 5.047
strassen-32: 5.271
recursive-inner-64: 301.486
recursive-64: 301.675
recursive-inner-paral-64: 42.352
recursive-paral-64: 42.540
recursive-inner-paral-cutoff-64: 42.771
recursive-paral-cutoff-64: 42.958
recursive-inner-simd-64: 40.356
recursive-simd-64: 40.545
recursive-inner-simd-paral-64: 7.350
recursive-simd-paral-64: 7.540
recursive-inner-simd-paral-cutoff-64: 7.257
recursive-simd-paral-cutoff-64: 7.448
strassen-inner-64: 4.081
strassen-64: 4.268
recursive-inner-128: 299.983
recursive-128: 300.173
recursive-inner-paral-128: 45.250
recursive-paral-128: 45.443
recursive-inner-paral-cutoff-128: 44.856
recursive-paral-cutoff-128: 45.045
recursive-inner-simd-128: 35.272
recursive-simd-128: 35.460
recursive-inner-simd-paral-128: 6.257
recursive-simd-paral-128: 6.449
recursive-inner-simd-paral-cutoff-128: 6.268
recursive-simd-paral-cutoff-128: 6.458
strassen-inner-128: 3.967
strassen-128: 4.159
recursive-inner-256: 316.579
recursive-256: 316.771
recursive-inner-paral-256: 47.707
recursive-paral-256: 47.898
recursive-inner-paral-cutoff-256: 47.029
recursive-paral-cutoff-256: 47.220
recursive-inner-simd-256: 29.753
recursive-simd-256: 29.944
recursive-inner-simd-paral-256: 5.566
recursive-simd-paral-256: 5.758
recursive-inner-simd-paral-cutoff-256: 5.531
recursive-simd-paral-cutoff-256: 5.722
strassen-inner-256: 3.839
strassen-256: 4.030
recursive-inner-512: 365.487
recursive-512: 365.682
recursive-inner-paral-512: 52.087
recursive-paral-512: 52.280
recursive-inner-paral-cutoff-512: 52.679
recursive-paral-cutoff-512: 52.875
recursive-inner-simd-512: 27.799
recursive-simd-512: 27.991
recursive-inner-simd-paral-512: 5.358
recursive-simd-paral-512: 5.553
recursive-inner-simd-paral-cutoff-512: 5.484
recursive-simd-paral-cutoff-512: 5.679
strassen-inner-512: 4.639
strassen-512: 4.835
recursive-inner-1024: 935.708
recursive-1024: 935.896
recursive-inner-paral-1024: 143.237
recursive-paral-1024: 143.418
recursive-inner-paral-cutoff-1024: 144.542
recursive-paral-cutoff-1024: 144.709
recursive-inner-simd-1024: 39.628
recursive-simd-1024: 39.811
recursive-inner-simd-paral-1024: 10.136
recursive-simd-paral-1024: 10.309
recursive-inner-simd-paral-cutoff-1024: 11.232
recursive-simd-paral-cutoff-1024: 11.401
strassen-inner-1024: 12.061
strassen-1024: 12.251
