simple: 0.546
colcp: 0.538
simd: 0.054
recursive-inner-1: 2.780
recursive-1: 2.787
recursive-inner-paral-1: 1.649
recursive-paral-1: 1.656
recursive-inner-paral-cutoff-1: 0.537
recursive-paral-cutoff-1: 0.544
recursive-inner-2: 0.840
recursive-2: 0.845
recursive-inner-paral-2: 0.300
recursive-paral-2: 0.304
recursive-inner-paral-cutoff-2: 0.160
recursive-paral-cutoff-2: 0.164
recursive-inner-4: 0.519
recursive-4: 0.522
recursive-inner-paral-4: 0.111
recursive-paral-4: 0.115
recursive-inner-paral-cutoff-4: 0.077
recursive-paral-cutoff-4: 0.081
recursive-inner-simd-4: 7.090
recursive-simd-4: 7.093
recursive-inner-simd-paral-4: 1.712
recursive-simd-paral-4: 1.716
recursive-inner-simd-paral-cutoff-4: 2.022
recursive-simd-paral-cutoff-4: 2.026
recursive-inner-8: 0.506
recursive-8: 0.510
recursive-inner-paral-8: 0.086
recursive-paral-8: 0.090
recursive-inner-paral-cutoff-8: 0.097
recursive-paral-cutoff-8: 0.101
recursive-inner-simd-8: 1.054
recursive-simd-8: 1.057
recursive-inner-simd-paral-8: 0.233
recursive-simd-paral-8: 0.236
recursive-inner-simd-paral-cutoff-8: 0.227
recursive-simd-paral-cutoff-8: 0.231
recursive-inner-16: 0.515
recursive-16: 0.519
recursive-inner-paral-16: 0.075
recursive-paral-16: 0.078
recursive-inner-paral-cutoff-16: 0.072
recursive-paral-cutoff-16: 0.076
recursive-inner-simd-16: 0.254
recursive-simd-16: 0.257
recursive-inner-simd-paral-16: 0.050
recursive-simd-paral-16: 0.054
recursive-inner-simd-paral-cutoff-16: 0.047
recursive-simd-paral-cutoff-16: 0.050
recursive-inner-32: 0.578
recursive-32: 0.582
recursive-inner-paral-32: 0.083
recursive-paral-32: 0.087
recursive-inner-paral-cutoff-32: 0.095
recursive-paral-cutoff-32: 0.098
recursive-inner-simd-32: 0.113
recursive-simd-32: 0.116
recursive-inner-simd-paral-32: 0.021
recursive-simd-paral-32: 0.024
recursive-inner-simd-paral-cutoff-32: 0.027
recursive-simd-paral-cutoff-32: 0.031
strassen-inner-32: 0.016
strassen-32: 0.019
recursive-inner-64: 0.569
recursive-64: 0.572
recursive-inner-paral-64: 0.087
recursive-paral-64: 0.091
recursive-inner-paral-cutoff-64: 0.080
recursive-paral-cutoff-64: 0.083
recursive-inner-simd-64: 0.081
recursive-simd-64: 0.084
recursive-inner-simd-paral-64: 0.014
recursive-simd-paral-64: 0.018
recursive-inner-simd-paral-cutoff-64: 0.014
recursive-simd-paral-cutoff-64: 0.017
strassen-inner-64: 0.013
strassen-64: 0.016
recursive-inner-128: 0.556
recursive-128: 0.559
recursive-inner-paral-128: 0.104
recursive-paral-128: 0.107
recursive-inner-paral-cutoff-128: 0.081
recursive-paral-cutoff-128: 0.084
recursive-inner-simd-128: 0.067
recursive-simd-128: 0.070
recursive-inner-simd-paral-128: 0.017
recursive-simd-paral-128: 0.020
recursive-inner-simd-paral-cutoff-128: 0.015
recursive-simd-paral-cutoff-128: 0.018
strassen-inner-128: 0.013
strassen-128: 0.016
recursive-inner-256: 0.631
recursive-256: 0.634
recursive-inner-paral-256: 0.171
recursive-paral-256: 0.175
recursive-inner-paral-cutoff-256: 0.169
recursive-paral-cutoff-256: 0.172
recursive-inner-simd-256: 0.060
recursive-simd-256: 0.063
recursive-inner-simd-paral-256: 0.020
recursive-simd-paral-256: 0.024
recursive-inner-simd-paral-cutoff-256: 0.020
recursive-simd-paral-cutoff-256: 0.024
strassen-inner-256: 0.016
strassen-256: 0.019
recursive-inner-512: 0.647
recursive-512: 0.650
recursive-inner-paral-512: 0.648
recursive-paral-512: 0.652
recursive-inner-paral-cutoff-512: 0.656
recursive-paral-cutoff-512: 0.659
recursive-inner-simd-512: 0.058
recursive-simd-512: 0.061
recursive-inner-simd-paral-512: 0.057
recursive-simd-paral-512: 0.060
recursive-inner-simd-paral-cutoff-512: 0.057
recursive-simd-paral-cutoff-512: 0.060
strassen-inner-512: 0.056
strassen-512: 0.059
