simd: 349.456
recursive-inner-paral-cutoff-64: 337.296
recursive-paral-cutoff-64: 338.123
recursive-inner-simd-paral-cutoff-64: 57.939
recursive-simd-paral-cutoff-64: 58.784
strassen-inner-64: 27.973
strassen-64: 28.830
recursive-inner-paral-cutoff-128: 358.494
recursive-paral-cutoff-128: 359.329
recursive-inner-simd-paral-cutoff-128: 50.062
recursive-simd-paral-cutoff-128: 50.917
strassen-inner-128: 27.005
strassen-128: 27.851
recursive-inner-paral-cutoff-256: 389.003
recursive-paral-cutoff-256: 389.837
recursive-inner-simd-paral-cutoff-256: 44.315
recursive-simd-paral-cutoff-256: 45.149
strassen-inner-256: 25.915
strassen-256: 26.750
recursive-inner-paral-cutoff-512: 467.797
recursive-paral-cutoff-512: 468.641
recursive-inner-simd-paral-cutoff-512: 49.029
recursive-simd-paral-cutoff-512: 49.863
strassen-inner-512: 31.742
strassen-512: 32.589
recursive-inner-paral-cutoff-1024: 1263.565
recursive-paral-cutoff-1024: 1264.374
recursive-inner-simd-paral-cutoff-1024: 104.393
recursive-simd-paral-cutoff-1024: 105.209
strassen-inner-1024: 83.073
strassen-1024: 83.890
