simple: 5.247
colcp: 3.364
simd: 0.206
recursive-inner-1: 16.311
recursive-1: 16.337
recursive-inner-paral-1: 63.167
recursive-paral-1: 63.201
recursive-inner-paral-cutoff-1: 1.678
recursive-paral-cutoff-1: 1.711
recursive-inner-2: 4.441
recursive-2: 4.460
recursive-inner-paral-2: 9.879
recursive-paral-2: 9.900
recursive-inner-paral-cutoff-2: 0.436
recursive-paral-cutoff-2: 0.458
recursive-inner-4: 3.000
recursive-4: 3.015
recursive-inner-paral-4: 2.106
recursive-paral-4: 2.124
recursive-inner-paral-cutoff-4: 0.288
recursive-paral-cutoff-4: 0.305
recursive-inner-simd-4: 80.532
recursive-simd-4: 80.556
recursive-inner-simd-paral-4: 6.018
recursive-simd-paral-4: 6.037
recursive-inner-simd-paral-cutoff-4: 5.904
recursive-simd-paral-cutoff-4: 5.921
recursive-inner-8: 2.918
recursive-8: 2.932
recursive-inner-paral-8: 0.435
recursive-paral-8: 0.451
recursive-inner-paral-cutoff-8: 0.281
recursive-paral-cutoff-8: 0.298
recursive-inner-simd-8: 9.952
recursive-simd-8: 9.967
recursive-inner-simd-paral-8: 0.796
recursive-simd-paral-8: 0.813
recursive-inner-simd-paral-cutoff-8: 0.766
recursive-simd-paral-cutoff-8: 0.783
recursive-inner-16: 3.053
recursive-16: 3.067
recursive-inner-paral-16: 0.240
recursive-paral-16: 0.257
recursive-inner-paral-cutoff-16: 0.243
recursive-paral-cutoff-16: 0.260
recursive-inner-simd-16: 1.603
recursive-simd-16: 1.617
recursive-inner-simd-paral-16: 0.140
recursive-simd-paral-16: 0.157
recursive-inner-simd-paral-cutoff-16: 0.131
recursive-simd-paral-cutoff-16: 0.148
recursive-inner-32: 3.200
recursive-32: 3.216
recursive-inner-paral-32: 0.234
recursive-paral-32: 0.252
recursive-inner-paral-cutoff-32: 0.253
recursive-paral-cutoff-32: 0.269
recursive-inner-simd-32: 0.512
recursive-simd-32: 0.527
recursive-inner-simd-paral-32: 0.047
recursive-simd-paral-32: 0.064
recursive-inner-simd-paral-cutoff-32: 0.055
recursive-simd-paral-cutoff-32: 0.071
strassen-inner-32: 0.050
strassen-32: 0.065
recursive-inner-64: 3.442
recursive-64: 3.457
recursive-inner-paral-64: 0.237
recursive-paral-64: 0.253
recursive-inner-paral-cutoff-64: 0.274
recursive-paral-cutoff-64: 0.291
recursive-inner-simd-64: 0.300
recursive-simd-64: 0.315
recursive-inner-simd-paral-64: 0.042
recursive-simd-paral-64: 0.058
recursive-inner-simd-paral-cutoff-64: 0.037
recursive-simd-paral-cutoff-64: 0.053
strassen-inner-64: 0.043
strassen-64: 0.057
recursive-inner-128: 3.431
recursive-128: 3.446
recursive-inner-paral-128: 0.302
recursive-paral-128: 0.319
recursive-inner-paral-cutoff-128: 0.294
recursive-paral-cutoff-128: 0.310
recursive-inner-simd-128: 0.232
recursive-simd-128: 0.246
recursive-inner-simd-paral-128: 0.041
recursive-simd-paral-128: 0.056
recursive-inner-simd-paral-cutoff-128: 0.036
recursive-simd-paral-cutoff-128: 0.052
strassen-inner-128: 0.038
strassen-128: 0.052
recursive-inner-256: 4.290
recursive-256: 4.304
recursive-inner-paral-256: 0.467
recursive-paral-256: 0.482
recursive-inner-paral-cutoff-256: 0.492
recursive-paral-cutoff-256: 0.507
recursive-inner-simd-256: 0.252
recursive-simd-256: 0.266
recursive-inner-simd-paral-256: 0.045
recursive-simd-paral-256: 0.060
recursive-inner-simd-paral-cutoff-256: 0.047
recursive-simd-paral-cutoff-256: 0.063
strassen-inner-256: 0.042
strassen-256: 0.055
recursive-inner-512: 4.905
recursive-512: 4.919
recursive-inner-paral-512: 1.286
recursive-paral-512: 1.302
recursive-inner-paral-cutoff-512: 1.313
recursive-paral-cutoff-512: 1.328
recursive-inner-simd-512: 0.225
recursive-simd-512: 0.238
recursive-inner-simd-paral-512: 0.074
recursive-simd-paral-512: 0.089
recursive-inner-simd-paral-cutoff-512: 0.074
recursive-simd-paral-cutoff-512: 0.089
strassen-inner-512: 0.077
strassen-512: 0.090
recursive-inner-1024: 5.254
recursive-1024: 5.268
recursive-inner-paral-1024: 5.234
recursive-paral-1024: 5.247
recursive-inner-paral-cutoff-1024: 5.247
recursive-paral-cutoff-1024: 5.260
recursive-inner-simd-1024: 0.208
recursive-simd-1024: 0.221
recursive-inner-simd-paral-1024: 0.205
recursive-simd-paral-1024: 0.218
recursive-inner-simd-paral-cutoff-1024: 0.206
recursive-simd-paral-cutoff-1024: 0.218
strassen-inner-1024: 0.205
strassen-1024: 0.218
