simd: 1488.711
recursive-inner-paral-cutoff-64: 884.314
recursive-paral-cutoff-64: 888.824
recursive-inner-simd-paral-cutoff-64: 96.614
recursive-simd-paral-cutoff-64: 101.251
strassen-inner-64: 74.418
strassen-64: 78.640
recursive-inner-paral-cutoff-128: 958.728
recursive-paral-cutoff-128: 963.366
recursive-inner-simd-paral-cutoff-128: 80.841
recursive-simd-paral-cutoff-128: 85.303
strassen-inner-128: 48.692
strassen-128: 52.883
recursive-inner-paral-cutoff-256: 1210.017
recursive-paral-cutoff-256: 1214.433
recursive-inner-simd-paral-cutoff-256: 78.325
recursive-simd-paral-cutoff-256: 82.494
strassen-inner-256: 45.153
strassen-256: 48.953
recursive-inner-paral-cutoff-512: 1393.988
recursive-paral-cutoff-512: 1398.223
recursive-inner-simd-paral-cutoff-512: 74.919
recursive-simd-paral-cutoff-512: 78.844
strassen-inner-512: 62.292
strassen-512: 66.107
recursive-inner-paral-cutoff-1024: 1669.125
recursive-paral-cutoff-1024: 1673.940
recursive-inner-simd-paral-cutoff-1024: 380.593
recursive-simd-paral-cutoff-1024: 384.641
strassen-inner-1024: 454.792
strassen-1024: 458.503
