simple: 45.963
colcp: 27.053
simd: 1.876
recursive-inner-1: 129.510
recursive-1: 129.632
recursive-inner-paral-1: 481.157
recursive-paral-1: 481.302
recursive-inner-paral-cutoff-1: 11.446
recursive-paral-cutoff-1: 11.590
recursive-inner-2: 35.535
recursive-2: 35.621
recursive-inner-paral-2: 69.466
recursive-paral-2: 69.556
recursive-inner-paral-cutoff-2: 3.000
recursive-paral-cutoff-2: 3.088
recursive-inner-4: 24.011
recursive-4: 24.073
recursive-inner-paral-4: 15.422
recursive-paral-4: 15.490
recursive-inner-paral-cutoff-4: 2.104
recursive-paral-cutoff-4: 2.179
recursive-inner-simd-4: 649.417
recursive-simd-4: 649.482
recursive-inner-simd-paral-4: 46.372
recursive-simd-paral-4: 46.452
recursive-inner-simd-paral-cutoff-4: 40.055
recursive-simd-paral-cutoff-4: 40.130
recursive-inner-8: 23.368
recursive-8: 23.429
recursive-inner-paral-8: 3.082
recursive-paral-8: 3.151
recursive-inner-paral-cutoff-8: 1.851
recursive-paral-cutoff-8: 1.914
recursive-inner-simd-8: 80.225
recursive-simd-8: 80.289
recursive-inner-simd-paral-8: 6.081
recursive-simd-paral-8: 6.148
recursive-inner-simd-paral-cutoff-8: 5.563
recursive-simd-paral-cutoff-8: 5.627
recursive-inner-16: 24.499
recursive-16: 24.560
recursive-inner-paral-16: 1.858
recursive-paral-16: 1.921
recursive-inner-paral-cutoff-16: 1.774
recursive-paral-cutoff-16: 1.837
recursive-inner-simd-16: 12.807
recursive-simd-16: 12.871
recursive-inner-simd-paral-16: 1.071
recursive-simd-paral-16: 1.135
recursive-inner-simd-paral-cutoff-16: 0.838
recursive-simd-paral-cutoff-16: 0.901
recursive-inner-32: 25.529
recursive-32: 25.589
recursive-inner-paral-32: 1.847
recursive-paral-32: 1.912
recursive-inner-paral-cutoff-32: 1.882
recursive-paral-cutoff-32: 1.945
recursive-inner-simd-32: 4.070
recursive-simd-32: 4.131
recursive-inner-simd-paral-32: 0.341
recursive-simd-paral-32: 0.404
recursive-inner-simd-paral-cutoff-32: 0.340
recursive-simd-paral-cutoff-32: 0.402
strassen-inner-32: 0.262
strassen-32: 0.322
recursive-inner-64: 26.962
recursive-64: 27.023
recursive-inner-paral-64: 1.809
recursive-paral-64: 1.871
recursive-inner-paral-cutoff-64: 1.919
recursive-paral-cutoff-64: 1.980
recursive-inner-simd-64: 2.404
recursive-simd-64: 2.463
recursive-inner-simd-paral-64: 0.202
recursive-simd-paral-64: 0.265
recursive-inner-simd-paral-cutoff-64: 0.209
recursive-simd-paral-cutoff-64: 0.272
strassen-inner-64: 0.210
strassen-64: 0.269
recursive-inner-128: 27.371
recursive-128: 27.432
recursive-inner-paral-128: 1.951
recursive-paral-128: 2.013
recursive-inner-paral-cutoff-128: 1.973
recursive-paral-cutoff-128: 2.033
recursive-inner-simd-128: 1.847
recursive-simd-128: 1.904
recursive-inner-simd-paral-128: 0.189
recursive-simd-paral-128: 0.250
recursive-inner-simd-paral-cutoff-128: 0.199
recursive-simd-paral-cutoff-128: 0.260
strassen-inner-128: 0.202
strassen-128: 0.259
recursive-inner-256: 33.911
recursive-256: 33.967
recursive-inner-paral-256: 2.616
recursive-paral-256: 2.680
recursive-inner-paral-cutoff-256: 2.581
recursive-paral-cutoff-256: 2.638
recursive-inner-simd-256: 2.552
recursive-simd-256: 2.607
recursive-inner-simd-paral-256: 0.217
recursive-simd-paral-256: 0.275
recursive-inner-simd-paral-cutoff-256: 0.188
recursive-simd-paral-cutoff-256: 0.246
strassen-inner-256: 0.228
strassen-256: 0.283
recursive-inner-512: 38.888
recursive-512: 38.944
recursive-inner-paral-512: 3.378
recursive-paral-512: 3.436
recursive-inner-paral-cutoff-512: 4.333
recursive-paral-cutoff-512: 4.389
recursive-inner-simd-512: 2.013
recursive-simd-512: 2.067
recursive-inner-simd-paral-512: 0.294
recursive-simd-paral-512: 0.351
recursive-inner-simd-paral-cutoff-512: 0.259
recursive-simd-paral-cutoff-512: 0.316
strassen-inner-512: 0.239
strassen-512: 0.293
recursive-inner-1024: 41.918
recursive-1024: 41.972
recursive-inner-paral-1024: 11.030
recursive-paral-1024: 11.087
recursive-inner-paral-cutoff-1024: 11.118
recursive-paral-cutoff-1024: 11.175
recursive-inner-simd-1024: 1.652
recursive-simd-1024: 1.707
recursive-inner-simd-paral-1024: 0.484
recursive-simd-paral-1024: 0.540
recursive-inner-simd-paral-cutoff-1024: 0.450
recursive-simd-paral-cutoff-1024: 0.507
strassen-inner-1024: 0.446
strassen-1024: 0.500
