simple: 0.065
colcp: 0.052
simd: 0.004
recursive-inner-1: 0.254
recursive-1: 0.255
recursive-inner-paral-1: 1.199
recursive-paral-1: 1.202
recursive-inner-paral-cutoff-1: 0.080
recursive-paral-cutoff-1: 0.084
recursive-inner-2: 0.071
recursive-2: 0.072
recursive-inner-paral-2: 0.183
recursive-paral-2: 0.184
recursive-inner-paral-cutoff-2: 0.023
recursive-paral-cutoff-2: 0.025
recursive-inner-4: 0.047
recursive-4: 0.048
recursive-inner-paral-4: 0.038
recursive-paral-4: 0.039
recursive-inner-paral-cutoff-4: 0.025
recursive-paral-cutoff-4: 0.026
recursive-inner-simd-4: 1.257
recursive-simd-4: 1.258
recursive-inner-simd-paral-4: 0.102
recursive-simd-paral-4: 0.102
recursive-inner-simd-paral-cutoff-4: 0.348
recursive-simd-paral-cutoff-4: 0.349
recursive-inner-8: 0.047
recursive-8: 0.048
recursive-inner-paral-8: 0.008
recursive-paral-8: 0.009
recursive-inner-paral-cutoff-8: 0.014
recursive-paral-cutoff-8: 0.015
recursive-inner-simd-8: 0.157
recursive-simd-8: 0.157
recursive-inner-simd-paral-8: 0.014
recursive-simd-paral-8: 0.015
recursive-inner-simd-paral-cutoff-8: 0.045
recursive-simd-paral-cutoff-8: 0.046
recursive-inner-16: 0.047
recursive-16: 0.048
recursive-inner-paral-16: 0.005
recursive-paral-16: 0.005
recursive-inner-paral-cutoff-16: 0.016
recursive-paral-cutoff-16: 0.017
recursive-inner-simd-16: 0.027
recursive-simd-16: 0.028
recursive-inner-simd-paral-16: 0.003
recursive-simd-paral-16: 0.003
recursive-inner-simd-paral-cutoff-16: 0.009
recursive-simd-paral-cutoff-16: 0.010
recursive-inner-32: 0.052
recursive-32: 0.052
recursive-inner-paral-32: 0.006
recursive-paral-32: 0.007
recursive-inner-paral-cutoff-32: 0.017
recursive-paral-cutoff-32: 0.018
recursive-inner-simd-32: 0.011
recursive-simd-32: 0.011
recursive-inner-simd-paral-32: 0.001
recursive-simd-paral-32: 0.002
recursive-inner-simd-paral-cutoff-32: 0.005
recursive-simd-paral-cutoff-32: 0.006
strassen-inner-32: 0.002
strassen-32: 0.003
recursive-inner-64: 0.053
recursive-64: 0.054
recursive-inner-paral-64: 0.011
recursive-paral-64: 0.012
recursive-inner-paral-cutoff-64: 0.025
recursive-paral-cutoff-64: 0.026
recursive-inner-simd-64: 0.007
recursive-simd-64: 0.007
recursive-inner-simd-paral-64: 0.001
recursive-simd-paral-64: 0.002
recursive-inner-simd-paral-cutoff-64: 0.003
recursive-simd-paral-cutoff-64: 0.004
strassen-inner-64: 0.002
strassen-64: 0.003
recursive-inner-128: 0.054
recursive-128: 0.055
recursive-inner-paral-128: 0.028
recursive-paral-128: 0.029
recursive-inner-paral-cutoff-128: 0.018
recursive-paral-cutoff-128: 0.019
recursive-inner-simd-128: 0.006
recursive-simd-128: 0.007
recursive-inner-simd-paral-128: 0.003
recursive-simd-paral-128: 0.004
recursive-inner-simd-paral-cutoff-128: 0.002
recursive-simd-paral-cutoff-128: 0.003
strassen-inner-128: 0.003
strassen-128: 0.005
recursive-inner-256: 0.069
recursive-256: 0.070
recursive-inner-paral-256: 0.069
recursive-paral-256: 0.069
recursive-inner-paral-cutoff-256: 0.067
recursive-paral-cutoff-256: 0.067
recursive-inner-simd-256: 0.003
recursive-simd-256: 0.004
recursive-inner-simd-paral-256: 0.004
recursive-simd-paral-256: 0.004
recursive-inner-simd-paral-cutoff-256: 0.004
recursive-simd-paral-cutoff-256: 0.004
strassen-inner-256: 0.004
strassen-256: 0.004
