simple: 494.976
colcp: 216.626
simd: 23.838
recursive-inner-1: 1043.710
recursive-1: 1044.223
recursive-inner-paral-1: 3430.315
recursive-paral-1: 3430.940
recursive-inner-paral-cutoff-1: 88.616
recursive-paral-cutoff-1: 89.190
recursive-inner-2: 285.257
recursive-2: 285.626
recursive-inner-paral-2: 566.596
recursive-paral-2: 567.040
recursive-inner-paral-cutoff-2: 23.482
recursive-paral-cutoff-2: 23.897
recursive-inner-4: 192.555
recursive-4: 192.852
recursive-inner-paral-4: 115.511
recursive-paral-4: 115.806
recursive-inner-paral-cutoff-4: 15.133
recursive-paral-cutoff-4: 15.527
recursive-inner-simd-4: 5178.543
recursive-simd-4: 5178.813
recursive-inner-simd-paral-4: 368.278
recursive-simd-paral-4: 368.586
recursive-inner-simd-paral-cutoff-4: 316.895
recursive-simd-paral-cutoff-4: 317.207
recursive-inner-8: 187.071
recursive-8: 187.440
recursive-inner-paral-8: 25.932
recursive-paral-8: 26.198
recursive-inner-paral-cutoff-8: 14.198
recursive-paral-cutoff-8: 14.451
recursive-inner-simd-8: 632.247
recursive-simd-8: 632.521
recursive-inner-simd-paral-8: 48.212
recursive-simd-paral-8: 48.511
recursive-inner-simd-paral-cutoff-8: 41.823
recursive-simd-paral-cutoff-8: 42.120
recursive-inner-16: 195.366
recursive-16: 195.686
recursive-inner-paral-16: 14.684
recursive-paral-16: 15.152
recursive-inner-paral-cutoff-16: 14.108
recursive-paral-cutoff-16: 14.376
recursive-inner-simd-16: 102.099
recursive-simd-16: 102.348
recursive-inner-simd-paral-16: 8.530
recursive-simd-paral-16: 8.847
recursive-inner-simd-paral-cutoff-16: 6.673
recursive-simd-paral-cutoff-16: 6.992
recursive-inner-32: 204.687
recursive-32: 204.958
recursive-inner-paral-32: 14.491
recursive-paral-32: 14.757
recursive-inner-paral-cutoff-32: 14.340
recursive-paral-cutoff-32: 14.593
recursive-inner-simd-32: 32.567
recursive-simd-32: 32.830
recursive-inner-simd-paral-32: 2.640
recursive-simd-paral-32: 2.884
recursive-inner-simd-paral-cutoff-32: 2.489
recursive-simd-paral-cutoff-32: 2.733
strassen-inner-32: 1.526
strassen-32: 1.766
recursive-inner-64: 215.963
recursive-64: 216.206
recursive-inner-paral-64: 14.483
recursive-paral-64: 14.759
recursive-inner-paral-cutoff-64: 14.627
recursive-paral-cutoff-64: 14.869
recursive-inner-simd-64: 19.179
recursive-simd-64: 19.436
recursive-inner-simd-paral-64: 1.559
recursive-simd-paral-64: 1.812
recursive-inner-simd-paral-cutoff-64: 1.609
recursive-simd-paral-cutoff-64: 1.882
strassen-inner-64: 1.225
strassen-64: 1.481
recursive-inner-128: 219.139
recursive-128: 219.376
recursive-inner-paral-128: 15.198
recursive-paral-128: 15.429
recursive-inner-paral-cutoff-128: 14.892
recursive-paral-cutoff-128: 15.129
recursive-inner-simd-128: 14.742
recursive-simd-128: 14.995
recursive-inner-simd-paral-128: 1.358
recursive-simd-paral-128: 1.592
recursive-inner-simd-paral-cutoff-128: 1.350
recursive-simd-paral-cutoff-128: 1.607
strassen-inner-128: 1.154
strassen-128: 1.382
recursive-inner-256: 269.391
recursive-256: 269.611
recursive-inner-paral-256: 19.733
recursive-paral-256: 19.984
recursive-inner-paral-cutoff-256: 19.373
recursive-paral-cutoff-256: 19.622
recursive-inner-simd-256: 17.753
recursive-simd-256: 17.973
recursive-inner-simd-paral-256: 1.289
recursive-simd-paral-256: 1.512
recursive-inner-simd-paral-cutoff-256: 1.355
recursive-simd-paral-cutoff-256: 1.579
strassen-inner-256: 1.316
strassen-256: 1.535
recursive-inner-512: 311.659
recursive-512: 311.884
recursive-inner-paral-512: 22.399
recursive-paral-512: 22.645
recursive-inner-paral-cutoff-512: 23.337
recursive-paral-cutoff-512: 23.581
recursive-inner-simd-512: 16.148
recursive-simd-512: 16.370
recursive-inner-simd-paral-512: 1.247
recursive-simd-paral-512: 1.466
recursive-inner-simd-paral-cutoff-512: 1.315
recursive-simd-paral-cutoff-512: 1.535
strassen-inner-512: 1.409
strassen-512: 1.625
recursive-inner-1024: 336.774
recursive-1024: 336.998
recursive-inner-paral-1024: 27.816
recursive-paral-1024: 28.062
recursive-inner-paral-cutoff-1024: 37.513
recursive-paral-cutoff-1024: 37.759
recursive-inner-simd-1024: 13.170
recursive-simd-1024: 13.409
recursive-inner-simd-paral-1024: 2.069
recursive-simd-paral-1024: 2.285
recursive-inner-simd-paral-cutoff-1024: 1.935
recursive-simd-paral-cutoff-1024: 2.156
strassen-inner-1024: 7.195
strassen-1024: 7.408
