simple: 0.599
colcp: 0.417
simd: 0.028
recursive-inner-1: 2.021
recursive-1: 2.027
recursive-inner-paral-1: 8.628
recursive-paral-1: 8.637
recursive-inner-paral-cutoff-1: 0.247
recursive-paral-cutoff-1: 0.257
recursive-inner-2: 0.556
recursive-2: 0.561
recursive-inner-paral-2: 1.372
recursive-paral-2: 1.378
recursive-inner-paral-cutoff-2: 0.116
recursive-paral-cutoff-2: 0.123
recursive-inner-4: 0.375
recursive-4: 0.379
recursive-inner-paral-4: 0.284
recursive-paral-4: 0.288
recursive-inner-paral-cutoff-4: 0.065
recursive-paral-cutoff-4: 0.070
recursive-inner-simd-4: 10.061
recursive-simd-4: 10.065
recursive-inner-simd-paral-4: 0.751
recursive-simd-paral-4: 0.755
recursive-inner-simd-paral-cutoff-4: 1.207
recursive-simd-paral-cutoff-4: 1.213
recursive-inner-8: 0.356
recursive-8: 0.361
recursive-inner-paral-8: 0.058
recursive-paral-8: 0.062
recursive-inner-paral-cutoff-8: 0.057
recursive-paral-cutoff-8: 0.063
recursive-inner-simd-8: 1.232
recursive-simd-8: 1.236
recursive-inner-simd-paral-8: 0.104
recursive-simd-paral-8: 0.109
recursive-inner-simd-paral-cutoff-8: 0.158
recursive-simd-paral-cutoff-8: 0.164
recursive-inner-16: 0.370
recursive-16: 0.374
recursive-inner-paral-16: 0.032
recursive-paral-16: 0.036
recursive-inner-paral-cutoff-16: 0.065
recursive-paral-cutoff-16: 0.070
recursive-inner-simd-16: 0.362
recursive-simd-16: 0.366
recursive-inner-simd-paral-16: 0.020
recursive-simd-paral-16: 0.024
recursive-inner-simd-paral-cutoff-16: 0.030
recursive-simd-paral-cutoff-16: 0.035
recursive-inner-32: 0.401
recursive-32: 0.405
recursive-inner-paral-32: 0.034
recursive-paral-32: 0.039
recursive-inner-paral-cutoff-32: 0.074
recursive-paral-cutoff-32: 0.079
recursive-inner-simd-32: 0.063
recursive-simd-32: 0.067
recursive-inner-simd-paral-32: 0.009
recursive-simd-paral-32: 0.014
recursive-inner-simd-paral-cutoff-32: 0.017
recursive-simd-paral-cutoff-32: 0.023
strassen-inner-32: 0.010
strassen-32: 0.014
recursive-inner-64: 0.448
recursive-64: 0.452
recursive-inner-paral-64: 0.042
recursive-paral-64: 0.047
recursive-inner-paral-cutoff-64: 0.061
recursive-paral-cutoff-64: 0.065
recursive-inner-simd-64: 0.036
recursive-simd-64: 0.041
recursive-inner-simd-paral-64: 0.007
recursive-simd-paral-64: 0.011
recursive-inner-simd-paral-cutoff-64: 0.012
recursive-simd-paral-cutoff-64: 0.017
strassen-inner-64: 0.009
strassen-64: 0.014
recursive-inner-128: 0.428
recursive-128: 0.432
recursive-inner-paral-128: 0.088
recursive-paral-128: 0.092
recursive-inner-paral-cutoff-128: 0.068
recursive-paral-cutoff-128: 0.073
recursive-inner-simd-128: 0.028
recursive-simd-128: 0.032
recursive-inner-simd-paral-128: 0.009
recursive-simd-paral-128: 0.013
recursive-inner-simd-paral-cutoff-128: 0.011
recursive-simd-paral-cutoff-128: 0.016
strassen-inner-128: 0.009
strassen-128: 0.013
recursive-inner-256: 0.537
recursive-256: 0.541
recursive-inner-paral-256: 0.151
recursive-paral-256: 0.155
recursive-inner-paral-cutoff-256: 0.141
recursive-paral-cutoff-256: 0.146
recursive-inner-simd-256: 0.032
recursive-simd-256: 0.036
recursive-inner-simd-paral-256: 0.020
recursive-simd-paral-256: 0.024
recursive-inner-simd-paral-cutoff-256: 0.022
recursive-simd-paral-cutoff-256: 0.027
strassen-inner-256: 0.014
strassen-256: 0.018
recursive-inner-512: 0.596
recursive-512: 0.600
recursive-inner-paral-512: 0.602
recursive-paral-512: 0.605
recursive-inner-paral-cutoff-512: 0.600
recursive-paral-cutoff-512: 0.603
recursive-inner-simd-512: 0.028
recursive-simd-512: 0.031
recursive-inner-simd-paral-512: 0.029
recursive-simd-paral-512: 0.033
recursive-inner-simd-paral-cutoff-512: 0.028
recursive-simd-paral-cutoff-512: 0.031
strassen-inner-512: 0.031
strassen-512: 0.035
