simd: 188.199
recursive-inner-paral-cutoff-64: 112.215
recursive-paral-cutoff-64: 113.302
recursive-inner-simd-paral-cutoff-64: 12.409
recursive-simd-paral-cutoff-64: 13.522
strassen-inner-64: 7.851
strassen-64: 8.952
recursive-inner-paral-cutoff-128: 120.109
recursive-paral-cutoff-128: 121.250
recursive-inner-simd-paral-cutoff-128: 10.354
recursive-simd-paral-cutoff-128: 11.447
strassen-inner-128: 7.091
strassen-128: 8.137
recursive-inner-paral-cutoff-256: 152.694
recursive-paral-cutoff-256: 153.816
recursive-inner-simd-paral-cutoff-256: 10.060
recursive-simd-paral-cutoff-256: 11.112
strassen-inner-256: 6.980
strassen-256: 7.988
recursive-inner-paral-cutoff-512: 175.066
recursive-paral-cutoff-512: 176.118
recursive-inner-simd-paral-cutoff-512: 9.121
recursive-simd-paral-cutoff-512: 10.116
strassen-inner-512: 8.777
strassen-512: 9.666
recursive-inner-paral-cutoff-1024: 210.018
recursive-paral-cutoff-1024: 210.969
recursive-inner-simd-paral-cutoff-1024: 36.410
recursive-simd-paral-cutoff-1024: 37.415
strassen-inner-1024: 52.313
strassen-1024: 53.298
